2018-09-01 22:29:46,215 | INFO  | Refreshing org.apache.activemq.xbean.XBeanBrokerFactory$1@6f5e4406: startup date [Sat Sep 01 22:29:46 CST 2018]; root of context hierarchy | org.apache.activemq.xbean.XBeanBrokerFactory$1 | WrapperSimpleAppMain
2018-09-01 22:29:46,974 | INFO  | PListStore:[C:\Users\25772\Desktop\Learning Notes\LearningNotes\LearningNotes\activemq\apache-activemq-5.11.1-bin\apache-activemq-5.11.1\bin\win64\..\..\data\localhost\tmp_storage] started | org.apache.activemq.store.kahadb.plist.PListStoreImpl | WrapperSimpleAppMain
2018-09-01 22:29:46,997 | INFO  | Using Persistence Adapter: KahaDBPersistenceAdapter[C:\Users\25772\Desktop\Learning Notes\LearningNotes\LearningNotes\activemq\apache-activemq-5.11.1-bin\apache-activemq-5.11.1\bin\win64\..\..\data\kahadb] | org.apache.activemq.broker.BrokerService | WrapperSimpleAppMain
2018-09-01 22:29:47,224 | INFO  | Apache ActiveMQ 5.11.1 (localhost, ID:DESKTOP-9EPRQCJ-55278-1535812187103-0:1) is starting | org.apache.activemq.broker.BrokerService | WrapperSimpleAppMain
2018-09-01 22:29:47,244 | INFO  | Listening for connections at: tcp://DESKTOP-9EPRQCJ:61616?maximumConnections=1000&wireFormat.maxFrameSize=104857600 | org.apache.activemq.transport.TransportServerThreadSupport | WrapperSimpleAppMain
2018-09-01 22:29:47,244 | INFO  | Connector openwire started | org.apache.activemq.broker.TransportConnector | WrapperSimpleAppMain
2018-09-01 22:29:47,248 | ERROR | Failed to start Apache ActiveMQ ([localhost, ID:DESKTOP-9EPRQCJ-55278-1535812187103-0:1], java.io.IOException: Transport Connector could not be registered in JMX: java.io.IOException: Failed to bind to server socket: amqp://0.0.0.0:5672?maximumConnections=1000&wireFormat.maxFrameSize=104857600 due to: java.net.BindException: Address already in use: JVM_Bind) | org.apache.activemq.broker.BrokerService | WrapperSimpleAppMain
2018-09-01 22:29:47,249 | INFO  | Apache ActiveMQ 5.11.1 (localhost, ID:DESKTOP-9EPRQCJ-55278-1535812187103-0:1) is shutting down | org.apache.activemq.broker.BrokerService | WrapperSimpleAppMain
2018-09-01 22:29:47,249 | INFO  | Connector openwire stopped | org.apache.activemq.broker.TransportConnector | WrapperSimpleAppMain
2018-09-01 22:29:47,250 | INFO  | Connector amqp stopped | org.apache.activemq.broker.TransportConnector | WrapperSimpleAppMain
2018-09-01 22:29:47,250 | INFO  | Connector stomp stopped | org.apache.activemq.broker.TransportConnector | WrapperSimpleAppMain
2018-09-01 22:29:47,250 | INFO  | Connector mqtt stopped | org.apache.activemq.broker.TransportConnector | WrapperSimpleAppMain
2018-09-01 22:29:47,250 | INFO  | Connector ws stopped | org.apache.activemq.broker.TransportConnector | WrapperSimpleAppMain
2018-09-01 22:29:47,254 | INFO  | PListStore:[C:\Users\25772\Desktop\Learning Notes\LearningNotes\LearningNotes\activemq\apache-activemq-5.11.1-bin\apache-activemq-5.11.1\bin\win64\..\..\data\localhost\tmp_storage] stopped | org.apache.activemq.store.kahadb.plist.PListStoreImpl | WrapperSimpleAppMain
2018-09-01 22:29:47,254 | INFO  | Stopping async queue tasks | org.apache.activemq.store.kahadb.KahaDBStore | WrapperSimpleAppMain
2018-09-01 22:29:47,254 | INFO  | Stopping async topic tasks | org.apache.activemq.store.kahadb.KahaDBStore | WrapperSimpleAppMain
2018-09-01 22:29:47,255 | INFO  | Stopped KahaDB | org.apache.activemq.store.kahadb.KahaDBStore | WrapperSimpleAppMain
2018-09-01 22:29:47,581 | INFO  | Apache ActiveMQ 5.11.1 (localhost, ID:DESKTOP-9EPRQCJ-55278-1535812187103-0:1) uptime 0.600 seconds | org.apache.activemq.broker.BrokerService | WrapperSimpleAppMain
2018-09-01 22:29:47,581 | INFO  | Apache ActiveMQ 5.11.1 (localhost, ID:DESKTOP-9EPRQCJ-55278-1535812187103-0:1) is shutdown | org.apache.activemq.broker.BrokerService | WrapperSimpleAppMain
2018-09-01 22:29:47,581 | INFO  | Closing org.apache.activemq.xbean.XBeanBrokerFactory$1@6f5e4406: startup date [Sat Sep 01 22:29:46 CST 2018]; root of context hierarchy | org.apache.activemq.xbean.XBeanBrokerFactory$1 | WrapperSimpleAppMain
2018-09-01 22:29:47,583 | WARN  | Exception thrown from LifecycleProcessor on context close | org.apache.activemq.xbean.XBeanBrokerFactory$1 | WrapperSimpleAppMain
java.lang.IllegalStateException: LifecycleProcessor not initialized - call 'refresh' before invoking lifecycle methods via the context: org.apache.activemq.xbean.XBeanBrokerFactory$1@6f5e4406: startup date [Sat Sep 01 22:29:46 CST 2018]; root of context hierarchy
	at org.springframework.context.support.AbstractApplicationContext.getLifecycleProcessor(AbstractApplicationContext.java:360)[spring-context-3.2.11.RELEASE.jar:3.2.11.RELEASE]
	at org.springframework.context.support.AbstractApplicationContext.doClose(AbstractApplicationContext.java:1059)[spring-context-3.2.11.RELEASE.jar:3.2.11.RELEASE]
	at org.springframework.context.support.AbstractApplicationContext.close(AbstractApplicationContext.java:1012)[spring-context-3.2.11.RELEASE.jar:3.2.11.RELEASE]
	at org.apache.activemq.hooks.SpringContextHook.run(SpringContextHook.java:30)[activemq-spring-5.11.1.jar:5.11.1]
	at org.apache.activemq.broker.BrokerService.stop(BrokerService.java:826)[activemq-broker-5.11.1.jar:5.11.1]
	at org.apache.activemq.xbean.XBeanBrokerService.stop(XBeanBrokerService.java:122)[activemq-spring-5.11.1.jar:5.11.1]
	at org.apache.activemq.broker.BrokerService.start(BrokerService.java:612)[activemq-broker-5.11.1.jar:5.11.1]
	at org.apache.activemq.xbean.XBeanBrokerService.afterPropertiesSet(XBeanBrokerService.java:73)[activemq-spring-5.11.1.jar:5.11.1]
	at sun.reflect.NativeMethodAccessorImpl.invoke0(Native Method)[:1.8.0_151]
	at sun.reflect.NativeMethodAccessorImpl.invoke(Unknown Source)[:1.8.0_151]
	at sun.reflect.DelegatingMethodAccessorImpl.invoke(Unknown Source)[:1.8.0_151]
	at java.lang.reflect.Method.invoke(Unknown Source)[:1.8.0_151]
	at org.springframework.beans.factory.support.AbstractAutowireCapableBeanFactory.invokeCustomInitMethod(AbstractAutowireCapableBeanFactory.java:1640)[spring-beans-3.2.11.RELEASE.jar:3.2.11.RELEASE]
	at org.springframework.beans.factory.support.AbstractAutowireCapableBeanFactory.invokeInitMethods(AbstractAutowireCapableBeanFactory.java:1581)[spring-beans-3.2.11.RELEASE.jar:3.2.11.RELEASE]
	at org.springframework.beans.factory.support.AbstractAutowireCapableBeanFactory.initializeBean(AbstractAutowireCapableBeanFactory.java:1511)[spring-beans-3.2.11.RELEASE.jar:3.2.11.RELEASE]
	at org.springframework.beans.factory.support.AbstractAutowireCapableBeanFactory.doCreateBean(AbstractAutowireCapableBeanFactory.java:521)[spring-beans-3.2.11.RELEASE.jar:3.2.11.RELEASE]
	at org.springframework.beans.factory.support.AbstractAutowireCapableBeanFactory.createBean(AbstractAutowireCapableBeanFactory.java:458)[spring-beans-3.2.11.RELEASE.jar:3.2.11.RELEASE]
	at org.springframework.beans.factory.support.AbstractBeanFactory$1.getObject(AbstractBeanFactory.java:293)[spring-beans-3.2.11.RELEASE.jar:3.2.11.RELEASE]
	at org.springframework.beans.factory.support.DefaultSingletonBeanRegistry.getSingleton(DefaultSingletonBeanRegistry.java:223)[spring-beans-3.2.11.RELEASE.jar:3.2.11.RELEASE]
	at org.springframework.beans.factory.support.AbstractBeanFactory.doGetBean(AbstractBeanFactory.java:290)[spring-beans-3.2.11.RELEASE.jar:3.2.11.RELEASE]
	at org.springframework.beans.factory.support.AbstractBeanFactory.getBean(AbstractBeanFactory.java:191)[spring-beans-3.2.11.RELEASE.jar:3.2.11.RELEASE]
	at org.springframework.beans.factory.support.DefaultListableBeanFactory.preInstantiateSingletons(DefaultListableBeanFactory.java:636)[spring-beans-3.2.11.RELEASE.jar:3.2.11.RELEASE]
	at org.springframework.context.support.AbstractApplicationContext.finishBeanFactoryInitialization(AbstractApplicationContext.java:934)[spring-context-3.2.11.RELEASE.jar:3.2.11.RELEASE]
	at org.springframework.context.support.AbstractApplicationContext.refresh(AbstractApplicationContext.java:479)[spring-context-3.2.11.RELEASE.jar:3.2.11.RELEASE]
	at org.apache.xbean.spring.context.ResourceXmlApplicationContext.<init>(ResourceXmlApplicationContext.java:64)[xbean-spring-3.18.jar:3.18]
	at org.apache.xbean.spring.context.ResourceXmlApplicationContext.<init>(ResourceXmlApplicationContext.java:52)[xbean-spring-3.18.jar:3.18]
	at org.apache.activemq.xbean.XBeanBrokerFactory$1.<init>(XBeanBrokerFactory.java:104)[activemq-spring-5.11.1.jar:5.11.1]
	at org.apache.activemq.xbean.XBeanBrokerFactory.createApplicationContext(XBeanBrokerFactory.java:104)[activemq-spring-5.11.1.jar:5.11.1]
	at org.apache.activemq.xbean.XBeanBrokerFactory.createBroker(XBeanBrokerFactory.java:67)[activemq-spring-5.11.1.jar:5.11.1]
	at org.apache.activemq.broker.BrokerFactory.createBroker(BrokerFactory.java:71)[activemq-broker-5.11.1.jar:5.11.1]
	at org.apache.activemq.broker.BrokerFactory.createBroker(BrokerFactory.java:54)[activemq-broker-5.11.1.jar:5.11.1]
	at org.apache.activemq.console.command.StartCommand.runTask(StartCommand.java:87)[activemq-console-5.11.1.jar:5.11.1]
	at org.apache.activemq.console.command.AbstractCommand.execute(AbstractCommand.java:57)[activemq-console-5.11.1.jar:5.11.1]
	at org.apache.activemq.console.command.ShellCommand.runTask(ShellCommand.java:150)[activemq-console-5.11.1.jar:5.11.1]
	at org.apache.activemq.console.command.AbstractCommand.execute(AbstractCommand.java:57)[activemq-console-5.11.1.jar:5.11.1]
	at org.apache.activemq.console.command.ShellCommand.main(ShellCommand.java:104)[activemq-console-5.11.1.jar:5.11.1]
	at sun.reflect.NativeMethodAccessorImpl.invoke0(Native Method)[:1.8.0_151]
	at sun.reflect.NativeMethodAccessorImpl.invoke(Unknown Source)[:1.8.0_151]
	at sun.reflect.DelegatingMethodAccessorImpl.invoke(Unknown Source)[:1.8.0_151]
	at java.lang.reflect.Method.invoke(Unknown Source)[:1.8.0_151]
	at org.apache.activemq.console.Main.runTaskClass(Main.java:262)[activemq.jar:5.11.1]
	at org.apache.activemq.console.Main.main(Main.java:115)[activemq.jar:5.11.1]
	at sun.reflect.NativeMethodAccessorImpl.invoke0(Native Method)[:1.8.0_151]
	at sun.reflect.NativeMethodAccessorImpl.invoke(Unknown Source)[:1.8.0_151]
	at sun.reflect.DelegatingMethodAccessorImpl.invoke(Unknown Source)[:1.8.0_151]
	at java.lang.reflect.Method.invoke(Unknown Source)[:1.8.0_151]
	at org.tanukisoftware.wrapper.WrapperSimpleApp.run(WrapperSimpleApp.java:240)[wrapper.jar:3.2.3]
	at java.lang.Thread.run(Unknown Source)[:1.8.0_151]
2018-09-01 22:29:47,630 | WARN  | Exception encountered during context initialization - cancelling refresh attempt | org.apache.activemq.xbean.XBeanBrokerFactory$1 | WrapperSimpleAppMain
org.springframework.beans.factory.BeanCreationException: Error creating bean with name 'org.apache.activemq.xbean.XBeanBrokerService#0' defined in class path resource [activemq.xml]: Invocation of init method failed; nested exception is java.io.IOException: Transport Connector could not be registered in JMX: java.io.IOException: Failed to bind to server socket: amqp://0.0.0.0:5672?maximumConnections=1000&wireFormat.maxFrameSize=104857600 due to: java.net.BindException: Address already in use: JVM_Bind
	at org.springframework.beans.factory.support.AbstractAutowireCapableBeanFactory.initializeBean(AbstractAutowireCapableBeanFactory.java:1514)[spring-beans-3.2.11.RELEASE.jar:3.2.11.RELEASE]
	at org.springframework.beans.factory.support.AbstractAutowireCapableBeanFactory.doCreateBean(AbstractAutowireCapableBeanFactory.java:521)[spring-beans-3.2.11.RELEASE.jar:3.2.11.RELEASE]
	at org.springframework.beans.factory.support.AbstractAutowireCapableBeanFactory.createBean(AbstractAutowireCapableBeanFactory.java:458)[spring-beans-3.2.11.RELEASE.jar:3.2.11.RELEASE]
	at org.springframework.beans.factory.support.AbstractBeanFactory$1.getObject(AbstractBeanFactory.java:293)[spring-beans-3.2.11.RELEASE.jar:3.2.11.RELEASE]
	at org.springframework.beans.factory.support.DefaultSingletonBeanRegistry.getSingleton(DefaultSingletonBeanRegistry.java:223)[spring-beans-3.2.11.RELEASE.jar:3.2.11.RELEASE]
	at org.springframework.beans.factory.support.AbstractBeanFactory.doGetBean(AbstractBeanFactory.java:290)[spring-beans-3.2.11.RELEASE.jar:3.2.11.RELEASE]
	at org.springframework.beans.factory.support.AbstractBeanFactory.getBean(AbstractBeanFactory.java:191)[spring-beans-3.2.11.RELEASE.jar:3.2.11.RELEASE]
	at org.springframework.beans.factory.support.DefaultListableBeanFactory.preInstantiateSingletons(DefaultListableBeanFactory.java:636)[spring-beans-3.2.11.RELEASE.jar:3.2.11.RELEASE]
	at org.springframework.context.support.AbstractApplicationContext.finishBeanFactoryInitialization(AbstractApplicationContext.java:934)[spring-context-3.2.11.RELEASE.jar:3.2.11.RELEASE]
	at org.springframework.context.support.AbstractApplicationContext.refresh(AbstractApplicationContext.java:479)[spring-context-3.2.11.RELEASE.jar:3.2.11.RELEASE]
	at org.apache.xbean.spring.context.ResourceXmlApplicationContext.<init>(ResourceXmlApplicationContext.java:64)[xbean-spring-3.18.jar:3.18]
	at org.apache.xbean.spring.context.ResourceXmlApplicationContext.<init>(ResourceXmlApplicationContext.java:52)[xbean-spring-3.18.jar:3.18]
	at org.apache.activemq.xbean.XBeanBrokerFactory$1.<init>(XBeanBrokerFactory.java:104)[activemq-spring-5.11.1.jar:5.11.1]
	at org.apache.activemq.xbean.XBeanBrokerFactory.createApplicationContext(XBeanBrokerFactory.java:104)[activemq-spring-5.11.1.jar:5.11.1]
	at org.apache.activemq.xbean.XBeanBrokerFactory.createBroker(XBeanBrokerFactory.java:67)[activemq-spring-5.11.1.jar:5.11.1]
	at org.apache.activemq.broker.BrokerFactory.createBroker(BrokerFactory.java:71)[activemq-broker-5.11.1.jar:5.11.1]
	at org.apache.activemq.broker.BrokerFactory.createBroker(BrokerFactory.java:54)[activemq-broker-5.11.1.jar:5.11.1]
	at org.apache.activemq.console.command.StartCommand.runTask(StartCommand.java:87)[activemq-console-5.11.1.jar:5.11.1]
	at org.apache.activemq.console.command.AbstractCommand.execute(AbstractCommand.java:57)[activemq-console-5.11.1.jar:5.11.1]
	at org.apache.activemq.console.command.ShellCommand.runTask(ShellCommand.java:150)[activemq-console-5.11.1.jar:5.11.1]
	at org.apache.activemq.console.command.AbstractCommand.execute(AbstractCommand.java:57)[activemq-console-5.11.1.jar:5.11.1]
	at org.apache.activemq.console.command.ShellCommand.main(ShellCommand.java:104)[activemq-console-5.11.1.jar:5.11.1]
	at sun.reflect.NativeMethodAccessorImpl.invoke0(Native Method)[:1.8.0_151]
	at sun.reflect.NativeMethodAccessorImpl.invoke(Unknown Source)[:1.8.0_151]
	at sun.reflect.DelegatingMethodAccessorImpl.invoke(Unknown Source)[:1.8.0_151]
	at java.lang.reflect.Method.invoke(Unknown Source)[:1.8.0_151]
	at org.apache.activemq.console.Main.runTaskClass(Main.java:262)[activemq.jar:5.11.1]
	at org.apache.activemq.console.Main.main(Main.java:115)[activemq.jar:5.11.1]
	at sun.reflect.NativeMethodAccessorImpl.invoke0(Native Method)[:1.8.0_151]
	at sun.reflect.NativeMethodAccessorImpl.invoke(Unknown Source)[:1.8.0_151]
	at sun.reflect.DelegatingMethodAccessorImpl.invoke(Unknown Source)[:1.8.0_151]
	at java.lang.reflect.Method.invoke(Unknown Source)[:1.8.0_151]
	at org.tanukisoftware.wrapper.WrapperSimpleApp.run(WrapperSimpleApp.java:240)[wrapper.jar:3.2.3]
	at java.lang.Thread.run(Unknown Source)[:1.8.0_151]
2018-09-01 22:30:40,446 | INFO  | Refreshing org.apache.activemq.xbean.XBeanBrokerFactory$1@6da5cd59: startup date [Sat Sep 01 22:30:40 CST 2018]; root of context hierarchy | org.apache.activemq.xbean.XBeanBrokerFactory$1 | WrapperSimpleAppMain
2018-09-01 22:30:41,145 | INFO  | PListStore:[C:\Users\25772\Desktop\Learning Notes\LearningNotes\LearningNotes\activemq\apache-activemq-5.11.1-bin\apache-activemq-5.11.1\bin\win64\..\..\data\localhost\tmp_storage] started | org.apache.activemq.store.kahadb.plist.PListStoreImpl | WrapperSimpleAppMain
2018-09-01 22:30:41,161 | INFO  | Using Persistence Adapter: KahaDBPersistenceAdapter[C:\Users\25772\Desktop\Learning Notes\LearningNotes\LearningNotes\activemq\apache-activemq-5.11.1-bin\apache-activemq-5.11.1\bin\win64\..\..\data\kahadb] | org.apache.activemq.broker.BrokerService | WrapperSimpleAppMain
2018-09-01 22:30:41,354 | INFO  | KahaDB is version 5 | org.apache.activemq.store.kahadb.MessageDatabase | WrapperSimpleAppMain
2018-09-01 22:30:41,366 | INFO  | Recovering from the journal ... | org.apache.activemq.store.kahadb.MessageDatabase | WrapperSimpleAppMain
2018-09-01 22:30:41,367 | INFO  | Recovery replayed 1 operations from the journal in 0.01 seconds. | org.apache.activemq.store.kahadb.MessageDatabase | WrapperSimpleAppMain
2018-09-01 22:30:41,502 | INFO  | Apache ActiveMQ 5.11.1 (localhost, ID:DESKTOP-9EPRQCJ-55340-1535812241383-0:1) is starting | org.apache.activemq.broker.BrokerService | WrapperSimpleAppMain
2018-09-01 22:30:41,518 | INFO  | Listening for connections at: tcp://DESKTOP-9EPRQCJ:61616?maximumConnections=1000&wireFormat.maxFrameSize=104857600 | org.apache.activemq.transport.TransportServerThreadSupport | WrapperSimpleAppMain
2018-09-01 22:30:41,518 | INFO  | Connector openwire started | org.apache.activemq.broker.TransportConnector | WrapperSimpleAppMain
2018-09-01 22:30:41,521 | ERROR | Failed to start Apache ActiveMQ ([localhost, ID:DESKTOP-9EPRQCJ-55340-1535812241383-0:1], java.io.IOException: Transport Connector could not be registered in JMX: java.io.IOException: Failed to bind to server socket: amqp://0.0.0.0:5672?maximumConnections=1000&wireFormat.maxFrameSize=104857600 due to: java.net.BindException: Address already in use: JVM_Bind) | org.apache.activemq.broker.BrokerService | WrapperSimpleAppMain
2018-09-01 22:30:41,521 | INFO  | Apache ActiveMQ 5.11.1 (localhost, ID:DESKTOP-9EPRQCJ-55340-1535812241383-0:1) is shutting down | org.apache.activemq.broker.BrokerService | WrapperSimpleAppMain
2018-09-01 22:30:41,522 | INFO  | Connector openwire stopped | org.apache.activemq.broker.TransportConnector | WrapperSimpleAppMain
2018-09-01 22:30:41,522 | INFO  | Connector amqp stopped | org.apache.activemq.broker.TransportConnector | WrapperSimpleAppMain
2018-09-01 22:30:41,522 | INFO  | Connector stomp stopped | org.apache.activemq.broker.TransportConnector | WrapperSimpleAppMain
2018-09-01 22:30:41,523 | INFO  | Connector mqtt stopped | org.apache.activemq.broker.TransportConnector | WrapperSimpleAppMain
2018-09-01 22:30:41,523 | INFO  | Connector ws stopped | org.apache.activemq.broker.TransportConnector | WrapperSimpleAppMain
2018-09-01 22:30:41,525 | INFO  | PListStore:[C:\Users\25772\Desktop\Learning Notes\LearningNotes\LearningNotes\activemq\apache-activemq-5.11.1-bin\apache-activemq-5.11.1\bin\win64\..\..\data\localhost\tmp_storage] stopped | org.apache.activemq.store.kahadb.plist.PListStoreImpl | WrapperSimpleAppMain
2018-09-01 22:30:41,526 | INFO  | Stopping async queue tasks | org.apache.activemq.store.kahadb.KahaDBStore | WrapperSimpleAppMain
2018-09-01 22:30:41,526 | INFO  | Stopping async topic tasks | org.apache.activemq.store.kahadb.KahaDBStore | WrapperSimpleAppMain
2018-09-01 22:30:41,527 | INFO  | Stopped KahaDB | org.apache.activemq.store.kahadb.KahaDBStore | WrapperSimpleAppMain
2018-09-01 22:30:41,862 | INFO  | Apache ActiveMQ 5.11.1 (localhost, ID:DESKTOP-9EPRQCJ-55340-1535812241383-0:1) uptime 0.714 seconds | org.apache.activemq.broker.BrokerService | WrapperSimpleAppMain
2018-09-01 22:30:41,862 | INFO  | Apache ActiveMQ 5.11.1 (localhost, ID:DESKTOP-9EPRQCJ-55340-1535812241383-0:1) is shutdown | org.apache.activemq.broker.BrokerService | WrapperSimpleAppMain
2018-09-01 22:30:41,863 | INFO  | Closing org.apache.activemq.xbean.XBeanBrokerFactory$1@6da5cd59: startup date [Sat Sep 01 22:30:40 CST 2018]; root of context hierarchy | org.apache.activemq.xbean.XBeanBrokerFactory$1 | WrapperSimpleAppMain
2018-09-01 22:30:41,864 | WARN  | Exception thrown from LifecycleProcessor on context close | org.apache.activemq.xbean.XBeanBrokerFactory$1 | WrapperSimpleAppMain
java.lang.IllegalStateException: LifecycleProcessor not initialized - call 'refresh' before invoking lifecycle methods via the context: org.apache.activemq.xbean.XBeanBrokerFactory$1@6da5cd59: startup date [Sat Sep 01 22:30:40 CST 2018]; root of context hierarchy
	at org.springframework.context.support.AbstractApplicationContext.getLifecycleProcessor(AbstractApplicationContext.java:360)[spring-context-3.2.11.RELEASE.jar:3.2.11.RELEASE]
	at org.springframework.context.support.AbstractApplicationContext.doClose(AbstractApplicationContext.java:1059)[spring-context-3.2.11.RELEASE.jar:3.2.11.RELEASE]
	at org.springframework.context.support.AbstractApplicationContext.close(AbstractApplicationContext.java:1012)[spring-context-3.2.11.RELEASE.jar:3.2.11.RELEASE]
	at org.apache.activemq.hooks.SpringContextHook.run(SpringContextHook.java:30)[activemq-spring-5.11.1.jar:5.11.1]
	at org.apache.activemq.broker.BrokerService.stop(BrokerService.java:826)[activemq-broker-5.11.1.jar:5.11.1]
	at org.apache.activemq.xbean.XBeanBrokerService.stop(XBeanBrokerService.java:122)[activemq-spring-5.11.1.jar:5.11.1]
	at org.apache.activemq.broker.BrokerService.start(BrokerService.java:612)[activemq-broker-5.11.1.jar:5.11.1]
	at org.apache.activemq.xbean.XBeanBrokerService.afterPropertiesSet(XBeanBrokerService.java:73)[activemq-spring-5.11.1.jar:5.11.1]
	at sun.reflect.NativeMethodAccessorImpl.invoke0(Native Method)[:1.8.0_151]
	at sun.reflect.NativeMethodAccessorImpl.invoke(Unknown Source)[:1.8.0_151]
	at sun.reflect.DelegatingMethodAccessorImpl.invoke(Unknown Source)[:1.8.0_151]
	at java.lang.reflect.Method.invoke(Unknown Source)[:1.8.0_151]
	at org.springframework.beans.factory.support.AbstractAutowireCapableBeanFactory.invokeCustomInitMethod(AbstractAutowireCapableBeanFactory.java:1640)[spring-beans-3.2.11.RELEASE.jar:3.2.11.RELEASE]
	at org.springframework.beans.factory.support.AbstractAutowireCapableBeanFactory.invokeInitMethods(AbstractAutowireCapableBeanFactory.java:1581)[spring-beans-3.2.11.RELEASE.jar:3.2.11.RELEASE]
	at org.springframework.beans.factory.support.AbstractAutowireCapableBeanFactory.initializeBean(AbstractAutowireCapableBeanFactory.java:1511)[spring-beans-3.2.11.RELEASE.jar:3.2.11.RELEASE]
	at org.springframework.beans.factory.support.AbstractAutowireCapableBeanFactory.doCreateBean(AbstractAutowireCapableBeanFactory.java:521)[spring-beans-3.2.11.RELEASE.jar:3.2.11.RELEASE]
	at org.springframework.beans.factory.support.AbstractAutowireCapableBeanFactory.createBean(AbstractAutowireCapableBeanFactory.java:458)[spring-beans-3.2.11.RELEASE.jar:3.2.11.RELEASE]
	at org.springframework.beans.factory.support.AbstractBeanFactory$1.getObject(AbstractBeanFactory.java:293)[spring-beans-3.2.11.RELEASE.jar:3.2.11.RELEASE]
	at org.springframework.beans.factory.support.DefaultSingletonBeanRegistry.getSingleton(DefaultSingletonBeanRegistry.java:223)[spring-beans-3.2.11.RELEASE.jar:3.2.11.RELEASE]
	at org.springframework.beans.factory.support.AbstractBeanFactory.doGetBean(AbstractBeanFactory.java:290)[spring-beans-3.2.11.RELEASE.jar:3.2.11.RELEASE]
	at org.springframework.beans.factory.support.AbstractBeanFactory.getBean(AbstractBeanFactory.java:191)[spring-beans-3.2.11.RELEASE.jar:3.2.11.RELEASE]
	at org.springframework.beans.factory.support.DefaultListableBeanFactory.preInstantiateSingletons(DefaultListableBeanFactory.java:636)[spring-beans-3.2.11.RELEASE.jar:3.2.11.RELEASE]
	at org.springframework.context.support.AbstractApplicationContext.finishBeanFactoryInitialization(AbstractApplicationContext.java:934)[spring-context-3.2.11.RELEASE.jar:3.2.11.RELEASE]
	at org.springframework.context.support.AbstractApplicationContext.refresh(AbstractApplicationContext.java:479)[spring-context-3.2.11.RELEASE.jar:3.2.11.RELEASE]
	at org.apache.xbean.spring.context.ResourceXmlApplicationContext.<init>(ResourceXmlApplicationContext.java:64)[xbean-spring-3.18.jar:3.18]
	at org.apache.xbean.spring.context.ResourceXmlApplicationContext.<init>(ResourceXmlApplicationContext.java:52)[xbean-spring-3.18.jar:3.18]
	at org.apache.activemq.xbean.XBeanBrokerFactory$1.<init>(XBeanBrokerFactory.java:104)[activemq-spring-5.11.1.jar:5.11.1]
	at org.apache.activemq.xbean.XBeanBrokerFactory.createApplicationContext(XBeanBrokerFactory.java:104)[activemq-spring-5.11.1.jar:5.11.1]
	at org.apache.activemq.xbean.XBeanBrokerFactory.createBroker(XBeanBrokerFactory.java:67)[activemq-spring-5.11.1.jar:5.11.1]
	at org.apache.activemq.broker.BrokerFactory.createBroker(BrokerFactory.java:71)[activemq-broker-5.11.1.jar:5.11.1]
	at org.apache.activemq.broker.BrokerFactory.createBroker(BrokerFactory.java:54)[activemq-broker-5.11.1.jar:5.11.1]
	at org.apache.activemq.console.command.StartCommand.runTask(StartCommand.java:87)[activemq-console-5.11.1.jar:5.11.1]
	at org.apache.activemq.console.command.AbstractCommand.execute(AbstractCommand.java:57)[activemq-console-5.11.1.jar:5.11.1]
	at org.apache.activemq.console.command.ShellCommand.runTask(ShellCommand.java:150)[activemq-console-5.11.1.jar:5.11.1]
	at org.apache.activemq.console.command.AbstractCommand.execute(AbstractCommand.java:57)[activemq-console-5.11.1.jar:5.11.1]
	at org.apache.activemq.console.command.ShellCommand.main(ShellCommand.java:104)[activemq-console-5.11.1.jar:5.11.1]
	at sun.reflect.NativeMethodAccessorImpl.invoke0(Native Method)[:1.8.0_151]
	at sun.reflect.NativeMethodAccessorImpl.invoke(Unknown Source)[:1.8.0_151]
	at sun.reflect.DelegatingMethodAccessorImpl.invoke(Unknown Source)[:1.8.0_151]
	at java.lang.reflect.Method.invoke(Unknown Source)[:1.8.0_151]
	at org.apache.activemq.console.Main.runTaskClass(Main.java:262)[activemq.jar:5.11.1]
	at org.apache.activemq.console.Main.main(Main.java:115)[activemq.jar:5.11.1]
	at sun.reflect.NativeMethodAccessorImpl.invoke0(Native Method)[:1.8.0_151]
	at sun.reflect.NativeMethodAccessorImpl.invoke(Unknown Source)[:1.8.0_151]
	at sun.reflect.DelegatingMethodAccessorImpl.invoke(Unknown Source)[:1.8.0_151]
	at java.lang.reflect.Method.invoke(Unknown Source)[:1.8.0_151]
	at org.tanukisoftware.wrapper.WrapperSimpleApp.run(WrapperSimpleApp.java:240)[wrapper.jar:3.2.3]
	at java.lang.Thread.run(Unknown Source)[:1.8.0_151]
2018-09-01 22:30:41,973 | WARN  | Exception encountered during context initialization - cancelling refresh attempt | org.apache.activemq.xbean.XBeanBrokerFactory$1 | WrapperSimpleAppMain
org.springframework.beans.factory.BeanCreationException: Error creating bean with name 'org.apache.activemq.xbean.XBeanBrokerService#0' defined in class path resource [activemq.xml]: Invocation of init method failed; nested exception is java.io.IOException: Transport Connector could not be registered in JMX: java.io.IOException: Failed to bind to server socket: amqp://0.0.0.0:5672?maximumConnections=1000&wireFormat.maxFrameSize=104857600 due to: java.net.BindException: Address already in use: JVM_Bind
	at org.springframework.beans.factory.support.AbstractAutowireCapableBeanFactory.initializeBean(AbstractAutowireCapableBeanFactory.java:1514)[spring-beans-3.2.11.RELEASE.jar:3.2.11.RELEASE]
	at org.springframework.beans.factory.support.AbstractAutowireCapableBeanFactory.doCreateBean(AbstractAutowireCapableBeanFactory.java:521)[spring-beans-3.2.11.RELEASE.jar:3.2.11.RELEASE]
	at org.springframework.beans.factory.support.AbstractAutowireCapableBeanFactory.createBean(AbstractAutowireCapableBeanFactory.java:458)[spring-beans-3.2.11.RELEASE.jar:3.2.11.RELEASE]
	at org.springframework.beans.factory.support.AbstractBeanFactory$1.getObject(AbstractBeanFactory.java:293)[spring-beans-3.2.11.RELEASE.jar:3.2.11.RELEASE]
	at org.springframework.beans.factory.support.DefaultSingletonBeanRegistry.getSingleton(DefaultSingletonBeanRegistry.java:223)[spring-beans-3.2.11.RELEASE.jar:3.2.11.RELEASE]
	at org.springframework.beans.factory.support.AbstractBeanFactory.doGetBean(AbstractBeanFactory.java:290)[spring-beans-3.2.11.RELEASE.jar:3.2.11.RELEASE]
	at org.springframework.beans.factory.support.AbstractBeanFactory.getBean(AbstractBeanFactory.java:191)[spring-beans-3.2.11.RELEASE.jar:3.2.11.RELEASE]
	at org.springframework.beans.factory.support.DefaultListableBeanFactory.preInstantiateSingletons(DefaultListableBeanFactory.java:636)[spring-beans-3.2.11.RELEASE.jar:3.2.11.RELEASE]
	at org.springframework.context.support.AbstractApplicationContext.finishBeanFactoryInitialization(AbstractApplicationContext.java:934)[spring-context-3.2.11.RELEASE.jar:3.2.11.RELEASE]
	at org.springframework.context.support.AbstractApplicationContext.refresh(AbstractApplicationContext.java:479)[spring-context-3.2.11.RELEASE.jar:3.2.11.RELEASE]
	at org.apache.xbean.spring.context.ResourceXmlApplicationContext.<init>(ResourceXmlApplicationContext.java:64)[xbean-spring-3.18.jar:3.18]
	at org.apache.xbean.spring.context.ResourceXmlApplicationContext.<init>(ResourceXmlApplicationContext.java:52)[xbean-spring-3.18.jar:3.18]
	at org.apache.activemq.xbean.XBeanBrokerFactory$1.<init>(XBeanBrokerFactory.java:104)[activemq-spring-5.11.1.jar:5.11.1]
	at org.apache.activemq.xbean.XBeanBrokerFactory.createApplicationContext(XBeanBrokerFactory.java:104)[activemq-spring-5.11.1.jar:5.11.1]
	at org.apache.activemq.xbean.XBeanBrokerFactory.createBroker(XBeanBrokerFactory.java:67)[activemq-spring-5.11.1.jar:5.11.1]
	at org.apache.activemq.broker.BrokerFactory.createBroker(BrokerFactory.java:71)[activemq-broker-5.11.1.jar:5.11.1]
	at org.apache.activemq.broker.BrokerFactory.createBroker(BrokerFactory.java:54)[activemq-broker-5.11.1.jar:5.11.1]
	at org.apache.activemq.console.command.StartCommand.runTask(StartCommand.java:87)[activemq-console-5.11.1.jar:5.11.1]
	at org.apache.activemq.console.command.AbstractCommand.execute(AbstractCommand.java:57)[activemq-console-5.11.1.jar:5.11.1]
	at org.apache.activemq.console.command.ShellCommand.runTask(ShellCommand.java:150)[activemq-console-5.11.1.jar:5.11.1]
	at org.apache.activemq.console.command.AbstractCommand.execute(AbstractCommand.java:57)[activemq-console-5.11.1.jar:5.11.1]
	at org.apache.activemq.console.command.ShellCommand.main(ShellCommand.java:104)[activemq-console-5.11.1.jar:5.11.1]
	at sun.reflect.NativeMethodAccessorImpl.invoke0(Native Method)[:1.8.0_151]
	at sun.reflect.NativeMethodAccessorImpl.invoke(Unknown Source)[:1.8.0_151]
	at sun.reflect.DelegatingMethodAccessorImpl.invoke(Unknown Source)[:1.8.0_151]
	at java.lang.reflect.Method.invoke(Unknown Source)[:1.8.0_151]
	at org.apache.activemq.console.Main.runTaskClass(Main.java:262)[activemq.jar:5.11.1]
	at org.apache.activemq.console.Main.main(Main.java:115)[activemq.jar:5.11.1]
	at sun.reflect.NativeMethodAccessorImpl.invoke0(Native Method)[:1.8.0_151]
	at sun.reflect.NativeMethodAccessorImpl.invoke(Unknown Source)[:1.8.0_151]
	at sun.reflect.DelegatingMethodAccessorImpl.invoke(Unknown Source)[:1.8.0_151]
	at java.lang.reflect.Method.invoke(Unknown Source)[:1.8.0_151]
	at org.tanukisoftware.wrapper.WrapperSimpleApp.run(WrapperSimpleApp.java:240)[wrapper.jar:3.2.3]
	at java.lang.Thread.run(Unknown Source)[:1.8.0_151]
2018-09-01 22:40:11,695 | INFO  | Refreshing org.apache.activemq.xbean.XBeanBrokerFactory$1@25d1b2b6: startup date [Sat Sep 01 22:40:11 CST 2018]; root of context hierarchy | org.apache.activemq.xbean.XBeanBrokerFactory$1 | WrapperSimpleAppMain
2018-09-01 22:40:12,436 | INFO  | PListStore:[C:\Users\25772\Desktop\Learning Notes\LearningNotes\LearningNotes\activemq\apache-activemq-5.11.1-bin\apache-activemq-5.11.1\bin\win64\..\..\data\localhost\tmp_storage] started | org.apache.activemq.store.kahadb.plist.PListStoreImpl | WrapperSimpleAppMain
2018-09-01 22:40:12,452 | INFO  | Using Persistence Adapter: KahaDBPersistenceAdapter[C:\Users\25772\Desktop\Learning Notes\LearningNotes\LearningNotes\activemq\apache-activemq-5.11.1-bin\apache-activemq-5.11.1\bin\win64\..\..\data\kahadb] | org.apache.activemq.broker.BrokerService | WrapperSimpleAppMain
2018-09-01 22:40:12,661 | INFO  | KahaDB is version 5 | org.apache.activemq.store.kahadb.MessageDatabase | WrapperSimpleAppMain
2018-09-01 22:40:12,673 | INFO  | Recovering from the journal ... | org.apache.activemq.store.kahadb.MessageDatabase | WrapperSimpleAppMain
2018-09-01 22:40:12,674 | INFO  | Recovery replayed 1 operations from the journal in 0.01 seconds. | org.apache.activemq.store.kahadb.MessageDatabase | WrapperSimpleAppMain
2018-09-01 22:40:12,818 | INFO  | Apache ActiveMQ 5.11.1 (localhost, ID:DESKTOP-9EPRQCJ-56064-1535812812698-0:1) is starting | org.apache.activemq.broker.BrokerService | WrapperSimpleAppMain
2018-09-01 22:40:12,836 | INFO  | Listening for connections at: tcp://DESKTOP-9EPRQCJ:61616?maximumConnections=1000&wireFormat.maxFrameSize=104857600 | org.apache.activemq.transport.TransportServerThreadSupport | WrapperSimpleAppMain
2018-09-01 22:40:12,837 | INFO  | Connector openwire started | org.apache.activemq.broker.TransportConnector | WrapperSimpleAppMain
2018-09-01 22:40:12,840 | ERROR | Failed to start Apache ActiveMQ ([localhost, ID:DESKTOP-9EPRQCJ-56064-1535812812698-0:1], java.io.IOException: Transport Connector could not be registered in JMX: java.io.IOException: Failed to bind to server socket: amqp://0.0.0.0:5672?maximumConnections=1000&wireFormat.maxFrameSize=104857600 due to: java.net.BindException: Address already in use: JVM_Bind) | org.apache.activemq.broker.BrokerService | WrapperSimpleAppMain
2018-09-01 22:40:12,840 | INFO  | Apache ActiveMQ 5.11.1 (localhost, ID:DESKTOP-9EPRQCJ-56064-1535812812698-0:1) is shutting down | org.apache.activemq.broker.BrokerService | WrapperSimpleAppMain
2018-09-01 22:40:12,841 | INFO  | Connector openwire stopped | org.apache.activemq.broker.TransportConnector | WrapperSimpleAppMain
2018-09-01 22:40:12,841 | INFO  | Connector amqp stopped | org.apache.activemq.broker.TransportConnector | WrapperSimpleAppMain
2018-09-01 22:40:12,842 | INFO  | Connector stomp stopped | org.apache.activemq.broker.TransportConnector | WrapperSimpleAppMain
2018-09-01 22:40:12,842 | INFO  | Connector mqtt stopped | org.apache.activemq.broker.TransportConnector | WrapperSimpleAppMain
2018-09-01 22:40:12,842 | INFO  | Connector ws stopped | org.apache.activemq.broker.TransportConnector | WrapperSimpleAppMain
2018-09-01 22:40:12,844 | INFO  | PListStore:[C:\Users\25772\Desktop\Learning Notes\LearningNotes\LearningNotes\activemq\apache-activemq-5.11.1-bin\apache-activemq-5.11.1\bin\win64\..\..\data\localhost\tmp_storage] stopped | org.apache.activemq.store.kahadb.plist.PListStoreImpl | WrapperSimpleAppMain
2018-09-01 22:40:12,845 | INFO  | Stopping async queue tasks | org.apache.activemq.store.kahadb.KahaDBStore | WrapperSimpleAppMain
2018-09-01 22:40:12,845 | INFO  | Stopping async topic tasks | org.apache.activemq.store.kahadb.KahaDBStore | WrapperSimpleAppMain
2018-09-01 22:40:12,846 | INFO  | Stopped KahaDB | org.apache.activemq.store.kahadb.KahaDBStore | WrapperSimpleAppMain
2018-09-01 22:40:13,170 | INFO  | Apache ActiveMQ 5.11.1 (localhost, ID:DESKTOP-9EPRQCJ-56064-1535812812698-0:1) uptime 0.729 seconds | org.apache.activemq.broker.BrokerService | WrapperSimpleAppMain
2018-09-01 22:40:13,171 | INFO  | Apache ActiveMQ 5.11.1 (localhost, ID:DESKTOP-9EPRQCJ-56064-1535812812698-0:1) is shutdown | org.apache.activemq.broker.BrokerService | WrapperSimpleAppMain
2018-09-01 22:40:13,171 | INFO  | Closing org.apache.activemq.xbean.XBeanBrokerFactory$1@25d1b2b6: startup date [Sat Sep 01 22:40:11 CST 2018]; root of context hierarchy | org.apache.activemq.xbean.XBeanBrokerFactory$1 | WrapperSimpleAppMain
2018-09-01 22:40:13,173 | WARN  | Exception thrown from LifecycleProcessor on context close | org.apache.activemq.xbean.XBeanBrokerFactory$1 | WrapperSimpleAppMain
java.lang.IllegalStateException: LifecycleProcessor not initialized - call 'refresh' before invoking lifecycle methods via the context: org.apache.activemq.xbean.XBeanBrokerFactory$1@25d1b2b6: startup date [Sat Sep 01 22:40:11 CST 2018]; root of context hierarchy
	at org.springframework.context.support.AbstractApplicationContext.getLifecycleProcessor(AbstractApplicationContext.java:360)[spring-context-3.2.11.RELEASE.jar:3.2.11.RELEASE]
	at org.springframework.context.support.AbstractApplicationContext.doClose(AbstractApplicationContext.java:1059)[spring-context-3.2.11.RELEASE.jar:3.2.11.RELEASE]
	at org.springframework.context.support.AbstractApplicationContext.close(AbstractApplicationContext.java:1012)[spring-context-3.2.11.RELEASE.jar:3.2.11.RELEASE]
	at org.apache.activemq.hooks.SpringContextHook.run(SpringContextHook.java:30)[activemq-spring-5.11.1.jar:5.11.1]
	at org.apache.activemq.broker.BrokerService.stop(BrokerService.java:826)[activemq-broker-5.11.1.jar:5.11.1]
	at org.apache.activemq.xbean.XBeanBrokerService.stop(XBeanBrokerService.java:122)[activemq-spring-5.11.1.jar:5.11.1]
	at org.apache.activemq.broker.BrokerService.start(BrokerService.java:612)[activemq-broker-5.11.1.jar:5.11.1]
	at org.apache.activemq.xbean.XBeanBrokerService.afterPropertiesSet(XBeanBrokerService.java:73)[activemq-spring-5.11.1.jar:5.11.1]
	at sun.reflect.NativeMethodAccessorImpl.invoke0(Native Method)[:1.8.0_151]
	at sun.reflect.NativeMethodAccessorImpl.invoke(Unknown Source)[:1.8.0_151]
	at sun.reflect.DelegatingMethodAccessorImpl.invoke(Unknown Source)[:1.8.0_151]
	at java.lang.reflect.Method.invoke(Unknown Source)[:1.8.0_151]
	at org.springframework.beans.factory.support.AbstractAutowireCapableBeanFactory.invokeCustomInitMethod(AbstractAutowireCapableBeanFactory.java:1640)[spring-beans-3.2.11.RELEASE.jar:3.2.11.RELEASE]
	at org.springframework.beans.factory.support.AbstractAutowireCapableBeanFactory.invokeInitMethods(AbstractAutowireCapableBeanFactory.java:1581)[spring-beans-3.2.11.RELEASE.jar:3.2.11.RELEASE]
	at org.springframework.beans.factory.support.AbstractAutowireCapableBeanFactory.initializeBean(AbstractAutowireCapableBeanFactory.java:1511)[spring-beans-3.2.11.RELEASE.jar:3.2.11.RELEASE]
	at org.springframework.beans.factory.support.AbstractAutowireCapableBeanFactory.doCreateBean(AbstractAutowireCapableBeanFactory.java:521)[spring-beans-3.2.11.RELEASE.jar:3.2.11.RELEASE]
	at org.springframework.beans.factory.support.AbstractAutowireCapableBeanFactory.createBean(AbstractAutowireCapableBeanFactory.java:458)[spring-beans-3.2.11.RELEASE.jar:3.2.11.RELEASE]
	at org.springframework.beans.factory.support.AbstractBeanFactory$1.getObject(AbstractBeanFactory.java:293)[spring-beans-3.2.11.RELEASE.jar:3.2.11.RELEASE]
	at org.springframework.beans.factory.support.DefaultSingletonBeanRegistry.getSingleton(DefaultSingletonBeanRegistry.java:223)[spring-beans-3.2.11.RELEASE.jar:3.2.11.RELEASE]
	at org.springframework.beans.factory.support.AbstractBeanFactory.doGetBean(AbstractBeanFactory.java:290)[spring-beans-3.2.11.RELEASE.jar:3.2.11.RELEASE]
	at org.springframework.beans.factory.support.AbstractBeanFactory.getBean(AbstractBeanFactory.java:191)[spring-beans-3.2.11.RELEASE.jar:3.2.11.RELEASE]
	at org.springframework.beans.factory.support.DefaultListableBeanFactory.preInstantiateSingletons(DefaultListableBeanFactory.java:636)[spring-beans-3.2.11.RELEASE.jar:3.2.11.RELEASE]
	at org.springframework.context.support.AbstractApplicationContext.finishBeanFactoryInitialization(AbstractApplicationContext.java:934)[spring-context-3.2.11.RELEASE.jar:3.2.11.RELEASE]
	at org.springframework.context.support.AbstractApplicationContext.refresh(AbstractApplicationContext.java:479)[spring-context-3.2.11.RELEASE.jar:3.2.11.RELEASE]
	at org.apache.xbean.spring.context.ResourceXmlApplicationContext.<init>(ResourceXmlApplicationContext.java:64)[xbean-spring-3.18.jar:3.18]
	at org.apache.xbean.spring.context.ResourceXmlApplicationContext.<init>(ResourceXmlApplicationContext.java:52)[xbean-spring-3.18.jar:3.18]
	at org.apache.activemq.xbean.XBeanBrokerFactory$1.<init>(XBeanBrokerFactory.java:104)[activemq-spring-5.11.1.jar:5.11.1]
	at org.apache.activemq.xbean.XBeanBrokerFactory.createApplicationContext(XBeanBrokerFactory.java:104)[activemq-spring-5.11.1.jar:5.11.1]
	at org.apache.activemq.xbean.XBeanBrokerFactory.createBroker(XBeanBrokerFactory.java:67)[activemq-spring-5.11.1.jar:5.11.1]
	at org.apache.activemq.broker.BrokerFactory.createBroker(BrokerFactory.java:71)[activemq-broker-5.11.1.jar:5.11.1]
	at org.apache.activemq.broker.BrokerFactory.createBroker(BrokerFactory.java:54)[activemq-broker-5.11.1.jar:5.11.1]
	at org.apache.activemq.console.command.StartCommand.runTask(StartCommand.java:87)[activemq-console-5.11.1.jar:5.11.1]
	at org.apache.activemq.console.command.AbstractCommand.execute(AbstractCommand.java:57)[activemq-console-5.11.1.jar:5.11.1]
	at org.apache.activemq.console.command.ShellCommand.runTask(ShellCommand.java:150)[activemq-console-5.11.1.jar:5.11.1]
	at org.apache.activemq.console.command.AbstractCommand.execute(AbstractCommand.java:57)[activemq-console-5.11.1.jar:5.11.1]
	at org.apache.activemq.console.command.ShellCommand.main(ShellCommand.java:104)[activemq-console-5.11.1.jar:5.11.1]
	at sun.reflect.NativeMethodAccessorImpl.invoke0(Native Method)[:1.8.0_151]
	at sun.reflect.NativeMethodAccessorImpl.invoke(Unknown Source)[:1.8.0_151]
	at sun.reflect.DelegatingMethodAccessorImpl.invoke(Unknown Source)[:1.8.0_151]
	at java.lang.reflect.Method.invoke(Unknown Source)[:1.8.0_151]
	at org.apache.activemq.console.Main.runTaskClass(Main.java:262)[activemq.jar:5.11.1]
	at org.apache.activemq.console.Main.main(Main.java:115)[activemq.jar:5.11.1]
	at sun.reflect.NativeMethodAccessorImpl.invoke0(Native Method)[:1.8.0_151]
	at sun.reflect.NativeMethodAccessorImpl.invoke(Unknown Source)[:1.8.0_151]
	at sun.reflect.DelegatingMethodAccessorImpl.invoke(Unknown Source)[:1.8.0_151]
	at java.lang.reflect.Method.invoke(Unknown Source)[:1.8.0_151]
	at org.tanukisoftware.wrapper.WrapperSimpleApp.run(WrapperSimpleApp.java:240)[wrapper.jar:3.2.3]
	at java.lang.Thread.run(Unknown Source)[:1.8.0_151]
2018-09-01 22:40:13,237 | WARN  | Exception encountered during context initialization - cancelling refresh attempt | org.apache.activemq.xbean.XBeanBrokerFactory$1 | WrapperSimpleAppMain
org.springframework.beans.factory.BeanCreationException: Error creating bean with name 'org.apache.activemq.xbean.XBeanBrokerService#0' defined in class path resource [activemq.xml]: Invocation of init method failed; nested exception is java.io.IOException: Transport Connector could not be registered in JMX: java.io.IOException: Failed to bind to server socket: amqp://0.0.0.0:5672?maximumConnections=1000&wireFormat.maxFrameSize=104857600 due to: java.net.BindException: Address already in use: JVM_Bind
	at org.springframework.beans.factory.support.AbstractAutowireCapableBeanFactory.initializeBean(AbstractAutowireCapableBeanFactory.java:1514)[spring-beans-3.2.11.RELEASE.jar:3.2.11.RELEASE]
	at org.springframework.beans.factory.support.AbstractAutowireCapableBeanFactory.doCreateBean(AbstractAutowireCapableBeanFactory.java:521)[spring-beans-3.2.11.RELEASE.jar:3.2.11.RELEASE]
	at org.springframework.beans.factory.support.AbstractAutowireCapableBeanFactory.createBean(AbstractAutowireCapableBeanFactory.java:458)[spring-beans-3.2.11.RELEASE.jar:3.2.11.RELEASE]
	at org.springframework.beans.factory.support.AbstractBeanFactory$1.getObject(AbstractBeanFactory.java:293)[spring-beans-3.2.11.RELEASE.jar:3.2.11.RELEASE]
	at org.springframework.beans.factory.support.DefaultSingletonBeanRegistry.getSingleton(DefaultSingletonBeanRegistry.java:223)[spring-beans-3.2.11.RELEASE.jar:3.2.11.RELEASE]
	at org.springframework.beans.factory.support.AbstractBeanFactory.doGetBean(AbstractBeanFactory.java:290)[spring-beans-3.2.11.RELEASE.jar:3.2.11.RELEASE]
	at org.springframework.beans.factory.support.AbstractBeanFactory.getBean(AbstractBeanFactory.java:191)[spring-beans-3.2.11.RELEASE.jar:3.2.11.RELEASE]
	at org.springframework.beans.factory.support.DefaultListableBeanFactory.preInstantiateSingletons(DefaultListableBeanFactory.java:636)[spring-beans-3.2.11.RELEASE.jar:3.2.11.RELEASE]
	at org.springframework.context.support.AbstractApplicationContext.finishBeanFactoryInitialization(AbstractApplicationContext.java:934)[spring-context-3.2.11.RELEASE.jar:3.2.11.RELEASE]
	at org.springframework.context.support.AbstractApplicationContext.refresh(AbstractApplicationContext.java:479)[spring-context-3.2.11.RELEASE.jar:3.2.11.RELEASE]
	at org.apache.xbean.spring.context.ResourceXmlApplicationContext.<init>(ResourceXmlApplicationContext.java:64)[xbean-spring-3.18.jar:3.18]
	at org.apache.xbean.spring.context.ResourceXmlApplicationContext.<init>(ResourceXmlApplicationContext.java:52)[xbean-spring-3.18.jar:3.18]
	at org.apache.activemq.xbean.XBeanBrokerFactory$1.<init>(XBeanBrokerFactory.java:104)[activemq-spring-5.11.1.jar:5.11.1]
	at org.apache.activemq.xbean.XBeanBrokerFactory.createApplicationContext(XBeanBrokerFactory.java:104)[activemq-spring-5.11.1.jar:5.11.1]
	at org.apache.activemq.xbean.XBeanBrokerFactory.createBroker(XBeanBrokerFactory.java:67)[activemq-spring-5.11.1.jar:5.11.1]
	at org.apache.activemq.broker.BrokerFactory.createBroker(BrokerFactory.java:71)[activemq-broker-5.11.1.jar:5.11.1]
	at org.apache.activemq.broker.BrokerFactory.createBroker(BrokerFactory.java:54)[activemq-broker-5.11.1.jar:5.11.1]
	at org.apache.activemq.console.command.StartCommand.runTask(StartCommand.java:87)[activemq-console-5.11.1.jar:5.11.1]
	at org.apache.activemq.console.command.AbstractCommand.execute(AbstractCommand.java:57)[activemq-console-5.11.1.jar:5.11.1]
	at org.apache.activemq.console.command.ShellCommand.runTask(ShellCommand.java:150)[activemq-console-5.11.1.jar:5.11.1]
	at org.apache.activemq.console.command.AbstractCommand.execute(AbstractCommand.java:57)[activemq-console-5.11.1.jar:5.11.1]
	at org.apache.activemq.console.command.ShellCommand.main(ShellCommand.java:104)[activemq-console-5.11.1.jar:5.11.1]
	at sun.reflect.NativeMethodAccessorImpl.invoke0(Native Method)[:1.8.0_151]
	at sun.reflect.NativeMethodAccessorImpl.invoke(Unknown Source)[:1.8.0_151]
	at sun.reflect.DelegatingMethodAccessorImpl.invoke(Unknown Source)[:1.8.0_151]
	at java.lang.reflect.Method.invoke(Unknown Source)[:1.8.0_151]
	at org.apache.activemq.console.Main.runTaskClass(Main.java:262)[activemq.jar:5.11.1]
	at org.apache.activemq.console.Main.main(Main.java:115)[activemq.jar:5.11.1]
	at sun.reflect.NativeMethodAccessorImpl.invoke0(Native Method)[:1.8.0_151]
	at sun.reflect.NativeMethodAccessorImpl.invoke(Unknown Source)[:1.8.0_151]
	at sun.reflect.DelegatingMethodAccessorImpl.invoke(Unknown Source)[:1.8.0_151]
	at java.lang.reflect.Method.invoke(Unknown Source)[:1.8.0_151]
	at org.tanukisoftware.wrapper.WrapperSimpleApp.run(WrapperSimpleApp.java:240)[wrapper.jar:3.2.3]
	at java.lang.Thread.run(Unknown Source)[:1.8.0_151]
2018-09-01 22:42:18,434 | INFO  | Refreshing org.apache.activemq.xbean.XBeanBrokerFactory$1@25d1b2b6: startup date [Sat Sep 01 22:42:18 CST 2018]; root of context hierarchy | org.apache.activemq.xbean.XBeanBrokerFactory$1 | WrapperSimpleAppMain
2018-09-01 22:42:19,185 | INFO  | PListStore:[C:\Users\25772\Desktop\Learning Notes\LearningNotes\LearningNotes\activemq\apache-activemq-5.11.1-bin\apache-activemq-5.11.1\bin\win64\..\..\data\localhost\tmp_storage] started | org.apache.activemq.store.kahadb.plist.PListStoreImpl | WrapperSimpleAppMain
2018-09-01 22:42:19,203 | INFO  | Using Persistence Adapter: KahaDBPersistenceAdapter[C:\Users\25772\Desktop\Learning Notes\LearningNotes\LearningNotes\activemq\apache-activemq-5.11.1-bin\apache-activemq-5.11.1\bin\win64\..\..\data\kahadb] | org.apache.activemq.broker.BrokerService | WrapperSimpleAppMain
2018-09-01 22:42:19,398 | INFO  | KahaDB is version 5 | org.apache.activemq.store.kahadb.MessageDatabase | WrapperSimpleAppMain
2018-09-01 22:42:19,411 | INFO  | Recovering from the journal ... | org.apache.activemq.store.kahadb.MessageDatabase | WrapperSimpleAppMain
2018-09-01 22:42:19,412 | INFO  | Recovery replayed 1 operations from the journal in 0.012 seconds. | org.apache.activemq.store.kahadb.MessageDatabase | WrapperSimpleAppMain
2018-09-01 22:42:19,554 | INFO  | Apache ActiveMQ 5.11.1 (localhost, ID:DESKTOP-9EPRQCJ-56350-1535812939434-0:1) is starting | org.apache.activemq.broker.BrokerService | WrapperSimpleAppMain
2018-09-01 22:42:19,571 | INFO  | Listening for connections at: tcp://DESKTOP-9EPRQCJ:61616?maximumConnections=1000&wireFormat.maxFrameSize=104857600 | org.apache.activemq.transport.TransportServerThreadSupport | WrapperSimpleAppMain
2018-09-01 22:42:19,572 | INFO  | Connector openwire started | org.apache.activemq.broker.TransportConnector | WrapperSimpleAppMain
2018-09-01 22:42:19,575 | ERROR | Failed to start Apache ActiveMQ ([localhost, ID:DESKTOP-9EPRQCJ-56350-1535812939434-0:1], java.io.IOException: Transport Connector could not be registered in JMX: java.io.IOException: Failed to bind to server socket: amqp://0.0.0.0:5672?maximumConnections=1000&wireFormat.maxFrameSize=104857600 due to: java.net.BindException: Address already in use: JVM_Bind) | org.apache.activemq.broker.BrokerService | WrapperSimpleAppMain
2018-09-01 22:42:19,576 | INFO  | Apache ActiveMQ 5.11.1 (localhost, ID:DESKTOP-9EPRQCJ-56350-1535812939434-0:1) is shutting down | org.apache.activemq.broker.BrokerService | WrapperSimpleAppMain
2018-09-01 22:42:19,577 | INFO  | Connector openwire stopped | org.apache.activemq.broker.TransportConnector | WrapperSimpleAppMain
2018-09-01 22:42:19,577 | INFO  | Connector amqp stopped | org.apache.activemq.broker.TransportConnector | WrapperSimpleAppMain
2018-09-01 22:42:19,578 | INFO  | Connector stomp stopped | org.apache.activemq.broker.TransportConnector | WrapperSimpleAppMain
2018-09-01 22:42:19,578 | INFO  | Connector mqtt stopped | org.apache.activemq.broker.TransportConnector | WrapperSimpleAppMain
2018-09-01 22:42:19,578 | INFO  | Connector ws stopped | org.apache.activemq.broker.TransportConnector | WrapperSimpleAppMain
2018-09-01 22:42:19,580 | INFO  | PListStore:[C:\Users\25772\Desktop\Learning Notes\LearningNotes\LearningNotes\activemq\apache-activemq-5.11.1-bin\apache-activemq-5.11.1\bin\win64\..\..\data\localhost\tmp_storage] stopped | org.apache.activemq.store.kahadb.plist.PListStoreImpl | WrapperSimpleAppMain
2018-09-01 22:42:19,581 | INFO  | Stopping async queue tasks | org.apache.activemq.store.kahadb.KahaDBStore | WrapperSimpleAppMain
2018-09-01 22:42:19,581 | INFO  | Stopping async topic tasks | org.apache.activemq.store.kahadb.KahaDBStore | WrapperSimpleAppMain
2018-09-01 22:42:19,582 | INFO  | Stopped KahaDB | org.apache.activemq.store.kahadb.KahaDBStore | WrapperSimpleAppMain
2018-09-01 22:42:19,906 | INFO  | Apache ActiveMQ 5.11.1 (localhost, ID:DESKTOP-9EPRQCJ-56350-1535812939434-0:1) uptime 0.715 seconds | org.apache.activemq.broker.BrokerService | WrapperSimpleAppMain
2018-09-01 22:42:19,906 | INFO  | Apache ActiveMQ 5.11.1 (localhost, ID:DESKTOP-9EPRQCJ-56350-1535812939434-0:1) is shutdown | org.apache.activemq.broker.BrokerService | WrapperSimpleAppMain
2018-09-01 22:42:19,906 | INFO  | Closing org.apache.activemq.xbean.XBeanBrokerFactory$1@25d1b2b6: startup date [Sat Sep 01 22:42:18 CST 2018]; root of context hierarchy | org.apache.activemq.xbean.XBeanBrokerFactory$1 | WrapperSimpleAppMain
2018-09-01 22:42:19,908 | WARN  | Exception thrown from LifecycleProcessor on context close | org.apache.activemq.xbean.XBeanBrokerFactory$1 | WrapperSimpleAppMain
java.lang.IllegalStateException: LifecycleProcessor not initialized - call 'refresh' before invoking lifecycle methods via the context: org.apache.activemq.xbean.XBeanBrokerFactory$1@25d1b2b6: startup date [Sat Sep 01 22:42:18 CST 2018]; root of context hierarchy
	at org.springframework.context.support.AbstractApplicationContext.getLifecycleProcessor(AbstractApplicationContext.java:360)[spring-context-3.2.11.RELEASE.jar:3.2.11.RELEASE]
	at org.springframework.context.support.AbstractApplicationContext.doClose(AbstractApplicationContext.java:1059)[spring-context-3.2.11.RELEASE.jar:3.2.11.RELEASE]
	at org.springframework.context.support.AbstractApplicationContext.close(AbstractApplicationContext.java:1012)[spring-context-3.2.11.RELEASE.jar:3.2.11.RELEASE]
	at org.apache.activemq.hooks.SpringContextHook.run(SpringContextHook.java:30)[activemq-spring-5.11.1.jar:5.11.1]
	at org.apache.activemq.broker.BrokerService.stop(BrokerService.java:826)[activemq-broker-5.11.1.jar:5.11.1]
	at org.apache.activemq.xbean.XBeanBrokerService.stop(XBeanBrokerService.java:122)[activemq-spring-5.11.1.jar:5.11.1]
	at org.apache.activemq.broker.BrokerService.start(BrokerService.java:612)[activemq-broker-5.11.1.jar:5.11.1]
	at org.apache.activemq.xbean.XBeanBrokerService.afterPropertiesSet(XBeanBrokerService.java:73)[activemq-spring-5.11.1.jar:5.11.1]
	at sun.reflect.NativeMethodAccessorImpl.invoke0(Native Method)[:1.8.0_151]
	at sun.reflect.NativeMethodAccessorImpl.invoke(Unknown Source)[:1.8.0_151]
	at sun.reflect.DelegatingMethodAccessorImpl.invoke(Unknown Source)[:1.8.0_151]
	at java.lang.reflect.Method.invoke(Unknown Source)[:1.8.0_151]
	at org.springframework.beans.factory.support.AbstractAutowireCapableBeanFactory.invokeCustomInitMethod(AbstractAutowireCapableBeanFactory.java:1640)[spring-beans-3.2.11.RELEASE.jar:3.2.11.RELEASE]
	at org.springframework.beans.factory.support.AbstractAutowireCapableBeanFactory.invokeInitMethods(AbstractAutowireCapableBeanFactory.java:1581)[spring-beans-3.2.11.RELEASE.jar:3.2.11.RELEASE]
	at org.springframework.beans.factory.support.AbstractAutowireCapableBeanFactory.initializeBean(AbstractAutowireCapableBeanFactory.java:1511)[spring-beans-3.2.11.RELEASE.jar:3.2.11.RELEASE]
	at org.springframework.beans.factory.support.AbstractAutowireCapableBeanFactory.doCreateBean(AbstractAutowireCapableBeanFactory.java:521)[spring-beans-3.2.11.RELEASE.jar:3.2.11.RELEASE]
	at org.springframework.beans.factory.support.AbstractAutowireCapableBeanFactory.createBean(AbstractAutowireCapableBeanFactory.java:458)[spring-beans-3.2.11.RELEASE.jar:3.2.11.RELEASE]
	at org.springframework.beans.factory.support.AbstractBeanFactory$1.getObject(AbstractBeanFactory.java:293)[spring-beans-3.2.11.RELEASE.jar:3.2.11.RELEASE]
	at org.springframework.beans.factory.support.DefaultSingletonBeanRegistry.getSingleton(DefaultSingletonBeanRegistry.java:223)[spring-beans-3.2.11.RELEASE.jar:3.2.11.RELEASE]
	at org.springframework.beans.factory.support.AbstractBeanFactory.doGetBean(AbstractBeanFactory.java:290)[spring-beans-3.2.11.RELEASE.jar:3.2.11.RELEASE]
	at org.springframework.beans.factory.support.AbstractBeanFactory.getBean(AbstractBeanFactory.java:191)[spring-beans-3.2.11.RELEASE.jar:3.2.11.RELEASE]
	at org.springframework.beans.factory.support.DefaultListableBeanFactory.preInstantiateSingletons(DefaultListableBeanFactory.java:636)[spring-beans-3.2.11.RELEASE.jar:3.2.11.RELEASE]
	at org.springframework.context.support.AbstractApplicationContext.finishBeanFactoryInitialization(AbstractApplicationContext.java:934)[spring-context-3.2.11.RELEASE.jar:3.2.11.RELEASE]
	at org.springframework.context.support.AbstractApplicationContext.refresh(AbstractApplicationContext.java:479)[spring-context-3.2.11.RELEASE.jar:3.2.11.RELEASE]
	at org.apache.xbean.spring.context.ResourceXmlApplicationContext.<init>(ResourceXmlApplicationContext.java:64)[xbean-spring-3.18.jar:3.18]
	at org.apache.xbean.spring.context.ResourceXmlApplicationContext.<init>(ResourceXmlApplicationContext.java:52)[xbean-spring-3.18.jar:3.18]
	at org.apache.activemq.xbean.XBeanBrokerFactory$1.<init>(XBeanBrokerFactory.java:104)[activemq-spring-5.11.1.jar:5.11.1]
	at org.apache.activemq.xbean.XBeanBrokerFactory.createApplicationContext(XBeanBrokerFactory.java:104)[activemq-spring-5.11.1.jar:5.11.1]
	at org.apache.activemq.xbean.XBeanBrokerFactory.createBroker(XBeanBrokerFactory.java:67)[activemq-spring-5.11.1.jar:5.11.1]
	at org.apache.activemq.broker.BrokerFactory.createBroker(BrokerFactory.java:71)[activemq-broker-5.11.1.jar:5.11.1]
	at org.apache.activemq.broker.BrokerFactory.createBroker(BrokerFactory.java:54)[activemq-broker-5.11.1.jar:5.11.1]
	at org.apache.activemq.console.command.StartCommand.runTask(StartCommand.java:87)[activemq-console-5.11.1.jar:5.11.1]
	at org.apache.activemq.console.command.AbstractCommand.execute(AbstractCommand.java:57)[activemq-console-5.11.1.jar:5.11.1]
	at org.apache.activemq.console.command.ShellCommand.runTask(ShellCommand.java:150)[activemq-console-5.11.1.jar:5.11.1]
	at org.apache.activemq.console.command.AbstractCommand.execute(AbstractCommand.java:57)[activemq-console-5.11.1.jar:5.11.1]
	at org.apache.activemq.console.command.ShellCommand.main(ShellCommand.java:104)[activemq-console-5.11.1.jar:5.11.1]
	at sun.reflect.NativeMethodAccessorImpl.invoke0(Native Method)[:1.8.0_151]
	at sun.reflect.NativeMethodAccessorImpl.invoke(Unknown Source)[:1.8.0_151]
	at sun.reflect.DelegatingMethodAccessorImpl.invoke(Unknown Source)[:1.8.0_151]
	at java.lang.reflect.Method.invoke(Unknown Source)[:1.8.0_151]
	at org.apache.activemq.console.Main.runTaskClass(Main.java:262)[activemq.jar:5.11.1]
	at org.apache.activemq.console.Main.main(Main.java:115)[activemq.jar:5.11.1]
	at sun.reflect.NativeMethodAccessorImpl.invoke0(Native Method)[:1.8.0_151]
	at sun.reflect.NativeMethodAccessorImpl.invoke(Unknown Source)[:1.8.0_151]
	at sun.reflect.DelegatingMethodAccessorImpl.invoke(Unknown Source)[:1.8.0_151]
	at java.lang.reflect.Method.invoke(Unknown Source)[:1.8.0_151]
	at org.tanukisoftware.wrapper.WrapperSimpleApp.run(WrapperSimpleApp.java:240)[wrapper.jar:3.2.3]
	at java.lang.Thread.run(Unknown Source)[:1.8.0_151]
2018-09-01 22:42:19,994 | WARN  | Exception encountered during context initialization - cancelling refresh attempt | org.apache.activemq.xbean.XBeanBrokerFactory$1 | WrapperSimpleAppMain
org.springframework.beans.factory.BeanCreationException: Error creating bean with name 'org.apache.activemq.xbean.XBeanBrokerService#0' defined in class path resource [activemq.xml]: Invocation of init method failed; nested exception is java.io.IOException: Transport Connector could not be registered in JMX: java.io.IOException: Failed to bind to server socket: amqp://0.0.0.0:5672?maximumConnections=1000&wireFormat.maxFrameSize=104857600 due to: java.net.BindException: Address already in use: JVM_Bind
	at org.springframework.beans.factory.support.AbstractAutowireCapableBeanFactory.initializeBean(AbstractAutowireCapableBeanFactory.java:1514)[spring-beans-3.2.11.RELEASE.jar:3.2.11.RELEASE]
	at org.springframework.beans.factory.support.AbstractAutowireCapableBeanFactory.doCreateBean(AbstractAutowireCapableBeanFactory.java:521)[spring-beans-3.2.11.RELEASE.jar:3.2.11.RELEASE]
	at org.springframework.beans.factory.support.AbstractAutowireCapableBeanFactory.createBean(AbstractAutowireCapableBeanFactory.java:458)[spring-beans-3.2.11.RELEASE.jar:3.2.11.RELEASE]
	at org.springframework.beans.factory.support.AbstractBeanFactory$1.getObject(AbstractBeanFactory.java:293)[spring-beans-3.2.11.RELEASE.jar:3.2.11.RELEASE]
	at org.springframework.beans.factory.support.DefaultSingletonBeanRegistry.getSingleton(DefaultSingletonBeanRegistry.java:223)[spring-beans-3.2.11.RELEASE.jar:3.2.11.RELEASE]
	at org.springframework.beans.factory.support.AbstractBeanFactory.doGetBean(AbstractBeanFactory.java:290)[spring-beans-3.2.11.RELEASE.jar:3.2.11.RELEASE]
	at org.springframework.beans.factory.support.AbstractBeanFactory.getBean(AbstractBeanFactory.java:191)[spring-beans-3.2.11.RELEASE.jar:3.2.11.RELEASE]
	at org.springframework.beans.factory.support.DefaultListableBeanFactory.preInstantiateSingletons(DefaultListableBeanFactory.java:636)[spring-beans-3.2.11.RELEASE.jar:3.2.11.RELEASE]
	at org.springframework.context.support.AbstractApplicationContext.finishBeanFactoryInitialization(AbstractApplicationContext.java:934)[spring-context-3.2.11.RELEASE.jar:3.2.11.RELEASE]
	at org.springframework.context.support.AbstractApplicationContext.refresh(AbstractApplicationContext.java:479)[spring-context-3.2.11.RELEASE.jar:3.2.11.RELEASE]
	at org.apache.xbean.spring.context.ResourceXmlApplicationContext.<init>(ResourceXmlApplicationContext.java:64)[xbean-spring-3.18.jar:3.18]
	at org.apache.xbean.spring.context.ResourceXmlApplicationContext.<init>(ResourceXmlApplicationContext.java:52)[xbean-spring-3.18.jar:3.18]
	at org.apache.activemq.xbean.XBeanBrokerFactory$1.<init>(XBeanBrokerFactory.java:104)[activemq-spring-5.11.1.jar:5.11.1]
	at org.apache.activemq.xbean.XBeanBrokerFactory.createApplicationContext(XBeanBrokerFactory.java:104)[activemq-spring-5.11.1.jar:5.11.1]
	at org.apache.activemq.xbean.XBeanBrokerFactory.createBroker(XBeanBrokerFactory.java:67)[activemq-spring-5.11.1.jar:5.11.1]
	at org.apache.activemq.broker.BrokerFactory.createBroker(BrokerFactory.java:71)[activemq-broker-5.11.1.jar:5.11.1]
	at org.apache.activemq.broker.BrokerFactory.createBroker(BrokerFactory.java:54)[activemq-broker-5.11.1.jar:5.11.1]
	at org.apache.activemq.console.command.StartCommand.runTask(StartCommand.java:87)[activemq-console-5.11.1.jar:5.11.1]
	at org.apache.activemq.console.command.AbstractCommand.execute(AbstractCommand.java:57)[activemq-console-5.11.1.jar:5.11.1]
	at org.apache.activemq.console.command.ShellCommand.runTask(ShellCommand.java:150)[activemq-console-5.11.1.jar:5.11.1]
	at org.apache.activemq.console.command.AbstractCommand.execute(AbstractCommand.java:57)[activemq-console-5.11.1.jar:5.11.1]
	at org.apache.activemq.console.command.ShellCommand.main(ShellCommand.java:104)[activemq-console-5.11.1.jar:5.11.1]
	at sun.reflect.NativeMethodAccessorImpl.invoke0(Native Method)[:1.8.0_151]
	at sun.reflect.NativeMethodAccessorImpl.invoke(Unknown Source)[:1.8.0_151]
	at sun.reflect.DelegatingMethodAccessorImpl.invoke(Unknown Source)[:1.8.0_151]
	at java.lang.reflect.Method.invoke(Unknown Source)[:1.8.0_151]
	at org.apache.activemq.console.Main.runTaskClass(Main.java:262)[activemq.jar:5.11.1]
	at org.apache.activemq.console.Main.main(Main.java:115)[activemq.jar:5.11.1]
	at sun.reflect.NativeMethodAccessorImpl.invoke0(Native Method)[:1.8.0_151]
	at sun.reflect.NativeMethodAccessorImpl.invoke(Unknown Source)[:1.8.0_151]
	at sun.reflect.DelegatingMethodAccessorImpl.invoke(Unknown Source)[:1.8.0_151]
	at java.lang.reflect.Method.invoke(Unknown Source)[:1.8.0_151]
	at org.tanukisoftware.wrapper.WrapperSimpleApp.run(WrapperSimpleApp.java:240)[wrapper.jar:3.2.3]
	at java.lang.Thread.run(Unknown Source)[:1.8.0_151]
2018-09-01 23:24:28,230 | INFO  | Refreshing org.apache.activemq.xbean.XBeanBrokerFactory$1@25d1b2b6: startup date [Sat Sep 01 23:24:28 CST 2018]; root of context hierarchy | org.apache.activemq.xbean.XBeanBrokerFactory$1 | WrapperSimpleAppMain
2018-09-01 23:24:28,922 | INFO  | PListStore:[C:\Users\25772\Desktop\Learning Notes\LearningNotes\LearningNotes\activemq\apache-activemq-5.11.1-bin\apache-activemq-5.11.1\bin\win64\..\..\data\localhost\tmp_storage] started | org.apache.activemq.store.kahadb.plist.PListStoreImpl | WrapperSimpleAppMain
2018-09-01 23:24:28,939 | INFO  | Using Persistence Adapter: KahaDBPersistenceAdapter[C:\Users\25772\Desktop\Learning Notes\LearningNotes\LearningNotes\activemq\apache-activemq-5.11.1-bin\apache-activemq-5.11.1\bin\win64\..\..\data\kahadb] | org.apache.activemq.broker.BrokerService | WrapperSimpleAppMain
2018-09-01 23:24:29,175 | INFO  | KahaDB is version 5 | org.apache.activemq.store.kahadb.MessageDatabase | WrapperSimpleAppMain
2018-09-01 23:24:29,187 | INFO  | Recovering from the journal ... | org.apache.activemq.store.kahadb.MessageDatabase | WrapperSimpleAppMain
2018-09-01 23:24:29,188 | INFO  | Recovery replayed 1 operations from the journal in 0.011 seconds. | org.apache.activemq.store.kahadb.MessageDatabase | WrapperSimpleAppMain
2018-09-01 23:24:29,332 | INFO  | Apache ActiveMQ 5.11.1 (localhost, ID:DESKTOP-9EPRQCJ-59365-1535815469212-0:1) is starting | org.apache.activemq.broker.BrokerService | WrapperSimpleAppMain
2018-09-01 23:24:29,350 | INFO  | Listening for connections at: tcp://DESKTOP-9EPRQCJ:61616?maximumConnections=1000&wireFormat.maxFrameSize=104857600 | org.apache.activemq.transport.TransportServerThreadSupport | WrapperSimpleAppMain
2018-09-01 23:24:29,350 | INFO  | Connector openwire started | org.apache.activemq.broker.TransportConnector | WrapperSimpleAppMain
2018-09-01 23:24:29,353 | ERROR | Failed to start Apache ActiveMQ ([localhost, ID:DESKTOP-9EPRQCJ-59365-1535815469212-0:1], java.io.IOException: Transport Connector could not be registered in JMX: java.io.IOException: Failed to bind to server socket: amqp://0.0.0.0:5672?maximumConnections=1000&wireFormat.maxFrameSize=104857600 due to: java.net.BindException: Address already in use: JVM_Bind) | org.apache.activemq.broker.BrokerService | WrapperSimpleAppMain
2018-09-01 23:24:29,354 | INFO  | Apache ActiveMQ 5.11.1 (localhost, ID:DESKTOP-9EPRQCJ-59365-1535815469212-0:1) is shutting down | org.apache.activemq.broker.BrokerService | WrapperSimpleAppMain
2018-09-01 23:24:29,355 | INFO  | Connector openwire stopped | org.apache.activemq.broker.TransportConnector | WrapperSimpleAppMain
2018-09-01 23:24:29,355 | INFO  | Connector amqp stopped | org.apache.activemq.broker.TransportConnector | WrapperSimpleAppMain
2018-09-01 23:24:29,355 | INFO  | Connector stomp stopped | org.apache.activemq.broker.TransportConnector | WrapperSimpleAppMain
2018-09-01 23:24:29,355 | INFO  | Connector mqtt stopped | org.apache.activemq.broker.TransportConnector | WrapperSimpleAppMain
2018-09-01 23:24:29,355 | INFO  | Connector ws stopped | org.apache.activemq.broker.TransportConnector | WrapperSimpleAppMain
2018-09-01 23:24:29,358 | INFO  | PListStore:[C:\Users\25772\Desktop\Learning Notes\LearningNotes\LearningNotes\activemq\apache-activemq-5.11.1-bin\apache-activemq-5.11.1\bin\win64\..\..\data\localhost\tmp_storage] stopped | org.apache.activemq.store.kahadb.plist.PListStoreImpl | WrapperSimpleAppMain
2018-09-01 23:24:29,358 | INFO  | Stopping async queue tasks | org.apache.activemq.store.kahadb.KahaDBStore | WrapperSimpleAppMain
2018-09-01 23:24:29,359 | INFO  | Stopping async topic tasks | org.apache.activemq.store.kahadb.KahaDBStore | WrapperSimpleAppMain
2018-09-01 23:24:29,359 | INFO  | Stopped KahaDB | org.apache.activemq.store.kahadb.KahaDBStore | WrapperSimpleAppMain
2018-09-01 23:24:29,684 | INFO  | Apache ActiveMQ 5.11.1 (localhost, ID:DESKTOP-9EPRQCJ-59365-1535815469212-0:1) uptime 0.756 seconds | org.apache.activemq.broker.BrokerService | WrapperSimpleAppMain
2018-09-01 23:24:29,684 | INFO  | Apache ActiveMQ 5.11.1 (localhost, ID:DESKTOP-9EPRQCJ-59365-1535815469212-0:1) is shutdown | org.apache.activemq.broker.BrokerService | WrapperSimpleAppMain
2018-09-01 23:24:29,684 | INFO  | Closing org.apache.activemq.xbean.XBeanBrokerFactory$1@25d1b2b6: startup date [Sat Sep 01 23:24:28 CST 2018]; root of context hierarchy | org.apache.activemq.xbean.XBeanBrokerFactory$1 | WrapperSimpleAppMain
2018-09-01 23:24:29,686 | WARN  | Exception thrown from LifecycleProcessor on context close | org.apache.activemq.xbean.XBeanBrokerFactory$1 | WrapperSimpleAppMain
java.lang.IllegalStateException: LifecycleProcessor not initialized - call 'refresh' before invoking lifecycle methods via the context: org.apache.activemq.xbean.XBeanBrokerFactory$1@25d1b2b6: startup date [Sat Sep 01 23:24:28 CST 2018]; root of context hierarchy
	at org.springframework.context.support.AbstractApplicationContext.getLifecycleProcessor(AbstractApplicationContext.java:360)[spring-context-3.2.11.RELEASE.jar:3.2.11.RELEASE]
	at org.springframework.context.support.AbstractApplicationContext.doClose(AbstractApplicationContext.java:1059)[spring-context-3.2.11.RELEASE.jar:3.2.11.RELEASE]
	at org.springframework.context.support.AbstractApplicationContext.close(AbstractApplicationContext.java:1012)[spring-context-3.2.11.RELEASE.jar:3.2.11.RELEASE]
	at org.apache.activemq.hooks.SpringContextHook.run(SpringContextHook.java:30)[activemq-spring-5.11.1.jar:5.11.1]
	at org.apache.activemq.broker.BrokerService.stop(BrokerService.java:826)[activemq-broker-5.11.1.jar:5.11.1]
	at org.apache.activemq.xbean.XBeanBrokerService.stop(XBeanBrokerService.java:122)[activemq-spring-5.11.1.jar:5.11.1]
	at org.apache.activemq.broker.BrokerService.start(BrokerService.java:612)[activemq-broker-5.11.1.jar:5.11.1]
	at org.apache.activemq.xbean.XBeanBrokerService.afterPropertiesSet(XBeanBrokerService.java:73)[activemq-spring-5.11.1.jar:5.11.1]
	at sun.reflect.NativeMethodAccessorImpl.invoke0(Native Method)[:1.8.0_151]
	at sun.reflect.NativeMethodAccessorImpl.invoke(Unknown Source)[:1.8.0_151]
	at sun.reflect.DelegatingMethodAccessorImpl.invoke(Unknown Source)[:1.8.0_151]
	at java.lang.reflect.Method.invoke(Unknown Source)[:1.8.0_151]
	at org.springframework.beans.factory.support.AbstractAutowireCapableBeanFactory.invokeCustomInitMethod(AbstractAutowireCapableBeanFactory.java:1640)[spring-beans-3.2.11.RELEASE.jar:3.2.11.RELEASE]
	at org.springframework.beans.factory.support.AbstractAutowireCapableBeanFactory.invokeInitMethods(AbstractAutowireCapableBeanFactory.java:1581)[spring-beans-3.2.11.RELEASE.jar:3.2.11.RELEASE]
	at org.springframework.beans.factory.support.AbstractAutowireCapableBeanFactory.initializeBean(AbstractAutowireCapableBeanFactory.java:1511)[spring-beans-3.2.11.RELEASE.jar:3.2.11.RELEASE]
	at org.springframework.beans.factory.support.AbstractAutowireCapableBeanFactory.doCreateBean(AbstractAutowireCapableBeanFactory.java:521)[spring-beans-3.2.11.RELEASE.jar:3.2.11.RELEASE]
	at org.springframework.beans.factory.support.AbstractAutowireCapableBeanFactory.createBean(AbstractAutowireCapableBeanFactory.java:458)[spring-beans-3.2.11.RELEASE.jar:3.2.11.RELEASE]
	at org.springframework.beans.factory.support.AbstractBeanFactory$1.getObject(AbstractBeanFactory.java:293)[spring-beans-3.2.11.RELEASE.jar:3.2.11.RELEASE]
	at org.springframework.beans.factory.support.DefaultSingletonBeanRegistry.getSingleton(DefaultSingletonBeanRegistry.java:223)[spring-beans-3.2.11.RELEASE.jar:3.2.11.RELEASE]
	at org.springframework.beans.factory.support.AbstractBeanFactory.doGetBean(AbstractBeanFactory.java:290)[spring-beans-3.2.11.RELEASE.jar:3.2.11.RELEASE]
	at org.springframework.beans.factory.support.AbstractBeanFactory.getBean(AbstractBeanFactory.java:191)[spring-beans-3.2.11.RELEASE.jar:3.2.11.RELEASE]
	at org.springframework.beans.factory.support.DefaultListableBeanFactory.preInstantiateSingletons(DefaultListableBeanFactory.java:636)[spring-beans-3.2.11.RELEASE.jar:3.2.11.RELEASE]
	at org.springframework.context.support.AbstractApplicationContext.finishBeanFactoryInitialization(AbstractApplicationContext.java:934)[spring-context-3.2.11.RELEASE.jar:3.2.11.RELEASE]
	at org.springframework.context.support.AbstractApplicationContext.refresh(AbstractApplicationContext.java:479)[spring-context-3.2.11.RELEASE.jar:3.2.11.RELEASE]
	at org.apache.xbean.spring.context.ResourceXmlApplicationContext.<init>(ResourceXmlApplicationContext.java:64)[xbean-spring-3.18.jar:3.18]
	at org.apache.xbean.spring.context.ResourceXmlApplicationContext.<init>(ResourceXmlApplicationContext.java:52)[xbean-spring-3.18.jar:3.18]
	at org.apache.activemq.xbean.XBeanBrokerFactory$1.<init>(XBeanBrokerFactory.java:104)[activemq-spring-5.11.1.jar:5.11.1]
	at org.apache.activemq.xbean.XBeanBrokerFactory.createApplicationContext(XBeanBrokerFactory.java:104)[activemq-spring-5.11.1.jar:5.11.1]
	at org.apache.activemq.xbean.XBeanBrokerFactory.createBroker(XBeanBrokerFactory.java:67)[activemq-spring-5.11.1.jar:5.11.1]
	at org.apache.activemq.broker.BrokerFactory.createBroker(BrokerFactory.java:71)[activemq-broker-5.11.1.jar:5.11.1]
	at org.apache.activemq.broker.BrokerFactory.createBroker(BrokerFactory.java:54)[activemq-broker-5.11.1.jar:5.11.1]
	at org.apache.activemq.console.command.StartCommand.runTask(StartCommand.java:87)[activemq-console-5.11.1.jar:5.11.1]
	at org.apache.activemq.console.command.AbstractCommand.execute(AbstractCommand.java:57)[activemq-console-5.11.1.jar:5.11.1]
	at org.apache.activemq.console.command.ShellCommand.runTask(ShellCommand.java:150)[activemq-console-5.11.1.jar:5.11.1]
	at org.apache.activemq.console.command.AbstractCommand.execute(AbstractCommand.java:57)[activemq-console-5.11.1.jar:5.11.1]
	at org.apache.activemq.console.command.ShellCommand.main(ShellCommand.java:104)[activemq-console-5.11.1.jar:5.11.1]
	at sun.reflect.NativeMethodAccessorImpl.invoke0(Native Method)[:1.8.0_151]
	at sun.reflect.NativeMethodAccessorImpl.invoke(Unknown Source)[:1.8.0_151]
	at sun.reflect.DelegatingMethodAccessorImpl.invoke(Unknown Source)[:1.8.0_151]
	at java.lang.reflect.Method.invoke(Unknown Source)[:1.8.0_151]
	at org.apache.activemq.console.Main.runTaskClass(Main.java:262)[activemq.jar:5.11.1]
	at org.apache.activemq.console.Main.main(Main.java:115)[activemq.jar:5.11.1]
	at sun.reflect.NativeMethodAccessorImpl.invoke0(Native Method)[:1.8.0_151]
	at sun.reflect.NativeMethodAccessorImpl.invoke(Unknown Source)[:1.8.0_151]
	at sun.reflect.DelegatingMethodAccessorImpl.invoke(Unknown Source)[:1.8.0_151]
	at java.lang.reflect.Method.invoke(Unknown Source)[:1.8.0_151]
	at org.tanukisoftware.wrapper.WrapperSimpleApp.run(WrapperSimpleApp.java:240)[wrapper.jar:3.2.3]
	at java.lang.Thread.run(Unknown Source)[:1.8.0_151]
2018-09-01 23:24:29,789 | WARN  | Exception encountered during context initialization - cancelling refresh attempt | org.apache.activemq.xbean.XBeanBrokerFactory$1 | WrapperSimpleAppMain
org.springframework.beans.factory.BeanCreationException: Error creating bean with name 'org.apache.activemq.xbean.XBeanBrokerService#0' defined in class path resource [activemq.xml]: Invocation of init method failed; nested exception is java.io.IOException: Transport Connector could not be registered in JMX: java.io.IOException: Failed to bind to server socket: amqp://0.0.0.0:5672?maximumConnections=1000&wireFormat.maxFrameSize=104857600 due to: java.net.BindException: Address already in use: JVM_Bind
	at org.springframework.beans.factory.support.AbstractAutowireCapableBeanFactory.initializeBean(AbstractAutowireCapableBeanFactory.java:1514)[spring-beans-3.2.11.RELEASE.jar:3.2.11.RELEASE]
	at org.springframework.beans.factory.support.AbstractAutowireCapableBeanFactory.doCreateBean(AbstractAutowireCapableBeanFactory.java:521)[spring-beans-3.2.11.RELEASE.jar:3.2.11.RELEASE]
	at org.springframework.beans.factory.support.AbstractAutowireCapableBeanFactory.createBean(AbstractAutowireCapableBeanFactory.java:458)[spring-beans-3.2.11.RELEASE.jar:3.2.11.RELEASE]
	at org.springframework.beans.factory.support.AbstractBeanFactory$1.getObject(AbstractBeanFactory.java:293)[spring-beans-3.2.11.RELEASE.jar:3.2.11.RELEASE]
	at org.springframework.beans.factory.support.DefaultSingletonBeanRegistry.getSingleton(DefaultSingletonBeanRegistry.java:223)[spring-beans-3.2.11.RELEASE.jar:3.2.11.RELEASE]
	at org.springframework.beans.factory.support.AbstractBeanFactory.doGetBean(AbstractBeanFactory.java:290)[spring-beans-3.2.11.RELEASE.jar:3.2.11.RELEASE]
	at org.springframework.beans.factory.support.AbstractBeanFactory.getBean(AbstractBeanFactory.java:191)[spring-beans-3.2.11.RELEASE.jar:3.2.11.RELEASE]
	at org.springframework.beans.factory.support.DefaultListableBeanFactory.preInstantiateSingletons(DefaultListableBeanFactory.java:636)[spring-beans-3.2.11.RELEASE.jar:3.2.11.RELEASE]
	at org.springframework.context.support.AbstractApplicationContext.finishBeanFactoryInitialization(AbstractApplicationContext.java:934)[spring-context-3.2.11.RELEASE.jar:3.2.11.RELEASE]
	at org.springframework.context.support.AbstractApplicationContext.refresh(AbstractApplicationContext.java:479)[spring-context-3.2.11.RELEASE.jar:3.2.11.RELEASE]
	at org.apache.xbean.spring.context.ResourceXmlApplicationContext.<init>(ResourceXmlApplicationContext.java:64)[xbean-spring-3.18.jar:3.18]
	at org.apache.xbean.spring.context.ResourceXmlApplicationContext.<init>(ResourceXmlApplicationContext.java:52)[xbean-spring-3.18.jar:3.18]
	at org.apache.activemq.xbean.XBeanBrokerFactory$1.<init>(XBeanBrokerFactory.java:104)[activemq-spring-5.11.1.jar:5.11.1]
	at org.apache.activemq.xbean.XBeanBrokerFactory.createApplicationContext(XBeanBrokerFactory.java:104)[activemq-spring-5.11.1.jar:5.11.1]
	at org.apache.activemq.xbean.XBeanBrokerFactory.createBroker(XBeanBrokerFactory.java:67)[activemq-spring-5.11.1.jar:5.11.1]
	at org.apache.activemq.broker.BrokerFactory.createBroker(BrokerFactory.java:71)[activemq-broker-5.11.1.jar:5.11.1]
	at org.apache.activemq.broker.BrokerFactory.createBroker(BrokerFactory.java:54)[activemq-broker-5.11.1.jar:5.11.1]
	at org.apache.activemq.console.command.StartCommand.runTask(StartCommand.java:87)[activemq-console-5.11.1.jar:5.11.1]
	at org.apache.activemq.console.command.AbstractCommand.execute(AbstractCommand.java:57)[activemq-console-5.11.1.jar:5.11.1]
	at org.apache.activemq.console.command.ShellCommand.runTask(ShellCommand.java:150)[activemq-console-5.11.1.jar:5.11.1]
	at org.apache.activemq.console.command.AbstractCommand.execute(AbstractCommand.java:57)[activemq-console-5.11.1.jar:5.11.1]
	at org.apache.activemq.console.command.ShellCommand.main(ShellCommand.java:104)[activemq-console-5.11.1.jar:5.11.1]
	at sun.reflect.NativeMethodAccessorImpl.invoke0(Native Method)[:1.8.0_151]
	at sun.reflect.NativeMethodAccessorImpl.invoke(Unknown Source)[:1.8.0_151]
	at sun.reflect.DelegatingMethodAccessorImpl.invoke(Unknown Source)[:1.8.0_151]
	at java.lang.reflect.Method.invoke(Unknown Source)[:1.8.0_151]
	at org.apache.activemq.console.Main.runTaskClass(Main.java:262)[activemq.jar:5.11.1]
	at org.apache.activemq.console.Main.main(Main.java:115)[activemq.jar:5.11.1]
	at sun.reflect.NativeMethodAccessorImpl.invoke0(Native Method)[:1.8.0_151]
	at sun.reflect.NativeMethodAccessorImpl.invoke(Unknown Source)[:1.8.0_151]
	at sun.reflect.DelegatingMethodAccessorImpl.invoke(Unknown Source)[:1.8.0_151]
	at java.lang.reflect.Method.invoke(Unknown Source)[:1.8.0_151]
	at org.tanukisoftware.wrapper.WrapperSimpleApp.run(WrapperSimpleApp.java:240)[wrapper.jar:3.2.3]
	at java.lang.Thread.run(Unknown Source)[:1.8.0_151]
