STATUS | wrapper  | 2018/08/11 19:20:35 | --> Wrapper Started as Console
STATUS | wrapper  | 2018/08/11 19:20:35 | Launching a JVM...
INFO   | jvm 1    | 2018/08/11 19:20:36 | Wrapper (Version 3.2.3) http://wrapper.tanukisoftware.org
INFO   | jvm 1    | 2018/08/11 19:20:36 |   Copyright 1999-2006 Tanuki Software, Inc.  All Rights Reserved.
INFO   | jvm 1    | 2018/08/11 19:20:36 | 
INFO   | jvm 1    | 2018/08/11 19:20:36 | Java Runtime: Oracle Corporation 1.8.0_151 C:\Program Files\Java\jre1.8.0_151
INFO   | jvm 1    | 2018/08/11 19:20:36 |   Heap sizes: current=125952k  free=115965k  max=932352k
INFO   | jvm 1    | 2018/08/11 19:20:36 |     JVM args: -Dactivemq.home=../.. -Dactivemq.base=../.. -Djavax.net.ssl.keyStorePassword=password -Djavax.net.ssl.trustStorePassword=password -Djavax.net.ssl.keyStore=../../conf/broker.ks -Djavax.net.ssl.trustStore=../../conf/broker.ts -Dcom.sun.management.jmxremote -Dorg.apache.activemq.UseDedicatedTaskRunner=true -Djava.util.logging.config.file=logging.properties -Dactivemq.conf=../../conf -Dactivemq.data=../../data -Djava.security.auth.login.config=../../conf/login.config -Xmx1024m -Djava.library.path=../../bin/win64 -Dwrapper.key=q6SKv2mTkfk9nwpR -Dwrapper.port=32000 -Dwrapper.jvm.port.min=31000 -Dwrapper.jvm.port.max=31999 -Dwrapper.pid=22408 -Dwrapper.version=3.2.3 -Dwrapper.native_library=wrapper -Dwrapper.cpu.timeout=10 -Dwrapper.jvmid=1
INFO   | jvm 1    | 2018/08/11 19:20:36 | Extensions classpath:
INFO   | jvm 1    | 2018/08/11 19:20:36 |   [..\..\lib,..\..\lib\camel,..\..\lib\optional,..\..\lib\web,..\..\lib\extra]
INFO   | jvm 1    | 2018/08/11 19:20:36 | ACTIVEMQ_HOME: ..\..
INFO   | jvm 1    | 2018/08/11 19:20:36 | ACTIVEMQ_BASE: ..\..
INFO   | jvm 1    | 2018/08/11 19:20:36 | ACTIVEMQ_CONF: ..\..\conf
INFO   | jvm 1    | 2018/08/11 19:20:36 | ACTIVEMQ_DATA: ..\..\data
INFO   | jvm 1    | 2018/08/11 19:20:36 | Loading message broker from: xbean:activemq.xml
INFO   | jvm 1    | 2018/08/11 19:20:36 |  INFO | Refreshing org.apache.activemq.xbean.XBeanBrokerFactory$1@29cb0070: startup date [Sat Aug 11 19:20:36 CST 2018]; root of context hierarchy
INFO   | jvm 1    | 2018/08/11 19:20:37 |  INFO | PListStore:[C:\Users\25772\Desktop\Learning Notes\LearningNotes\LearningNotes\activemq\apache-activemq-5.11.1-bin\apache-activemq-5.11.1\bin\win64\..\..\data\localhost\tmp_storage] started
INFO   | jvm 1    | 2018/08/11 19:20:37 |  INFO | Using Persistence Adapter: KahaDBPersistenceAdapter[C:\Users\25772\Desktop\Learning Notes\LearningNotes\LearningNotes\activemq\apache-activemq-5.11.1-bin\apache-activemq-5.11.1\bin\win64\..\..\data\kahadb]
INFO   | jvm 1    | 2018/08/11 19:20:37 |  INFO | Apache ActiveMQ 5.11.1 (localhost, ID:DESKTOP-9EPRQCJ-56432-1533986437501-0:1) is starting
INFO   | jvm 1    | 2018/08/11 19:20:37 |  INFO | Listening for connections at: tcp://DESKTOP-9EPRQCJ:61616?maximumConnections=1000&wireFormat.maxFrameSize=104857600
INFO   | jvm 1    | 2018/08/11 19:20:37 |  INFO | Connector openwire started
INFO   | jvm 1    | 2018/08/11 19:20:37 |  INFO | Listening for connections at: amqp://DESKTOP-9EPRQCJ:5672?maximumConnections=1000&wireFormat.maxFrameSize=104857600
INFO   | jvm 1    | 2018/08/11 19:20:37 |  INFO | Connector amqp started
INFO   | jvm 1    | 2018/08/11 19:20:37 |  INFO | Listening for connections at: stomp://DESKTOP-9EPRQCJ:61613?maximumConnections=1000&wireFormat.maxFrameSize=104857600
INFO   | jvm 1    | 2018/08/11 19:20:37 |  INFO | Connector stomp started
INFO   | jvm 1    | 2018/08/11 19:20:37 |  INFO | Listening for connections at: mqtt://DESKTOP-9EPRQCJ:1883?maximumConnections=1000&wireFormat.maxFrameSize=104857600
INFO   | jvm 1    | 2018/08/11 19:20:37 |  INFO | Connector mqtt started
INFO   | jvm 1    | 2018/08/11 19:20:37 | {}
INFO   | jvm 1    | 2018/08/11 19:20:37 |  INFO | Listening for connections at ws://DESKTOP-9EPRQCJ:61614?maximumConnections=1000&wireFormat.maxFrameSize=104857600
INFO   | jvm 1    | 2018/08/11 19:20:37 |  INFO | Connector ws started
INFO   | jvm 1    | 2018/08/11 19:20:37 |  INFO | Apache ActiveMQ 5.11.1 (localhost, ID:DESKTOP-9EPRQCJ-56432-1533986437501-0:1) started
INFO   | jvm 1    | 2018/08/11 19:20:37 |  INFO | For help or more information please see: http://activemq.apache.org
INFO   | jvm 1    | 2018/08/11 19:20:37 |  WARN | Store limit is 102400 mb (current store usage is 0 mb). The data directory: C:\Users\25772\Desktop\Learning Notes\LearningNotes\LearningNotes\activemq\apache-activemq-5.11.1-bin\apache-activemq-5.11.1\bin\win64\..\..\data\kahadb only has 7934 mb of usable space - resetting to maximum available disk space: 7934 mb
INFO   | jvm 1    | 2018/08/11 19:20:37 |  WARN | Temporary Store limit is 51200 mb, whilst the temporary data directory: C:\Users\25772\Desktop\Learning Notes\LearningNotes\LearningNotes\activemq\apache-activemq-5.11.1-bin\apache-activemq-5.11.1\bin\win64\..\..\data\localhost\tmp_storage only has 7934 mb of usable space - resetting to maximum available 7934 mb.
INFO   | jvm 1    | 2018/08/11 19:20:38 |  INFO | ActiveMQ WebConsole available at http://0.0.0.0:8161/
INFO   | jvm 1    | 2018/08/11 19:20:38 |  INFO | Initializing Spring FrameworkServlet 'dispatcher'
INFO   | jvm 1    | 2018/08/11 19:20:38 |  INFO | jolokia-agent: No access restrictor found at classpath:/jolokia-access.xml, access to all MBeans is allowed
STATUS | wrapper  | 2018/08/11 20:07:39 | --> Wrapper Started as Console
STATUS | wrapper  | 2018/08/11 20:07:39 | Launching a JVM...
INFO   | jvm 1    | 2018/08/11 20:07:40 | Wrapper (Version 3.2.3) http://wrapper.tanukisoftware.org
INFO   | jvm 1    | 2018/08/11 20:07:40 |   Copyright 1999-2006 Tanuki Software, Inc.  All Rights Reserved.
INFO   | jvm 1    | 2018/08/11 20:07:40 | 
INFO   | jvm 1    | 2018/08/11 20:07:40 | Java Runtime: Oracle Corporation 1.8.0_151 C:\Program Files\Java\jre1.8.0_151
INFO   | jvm 1    | 2018/08/11 20:07:40 |   Heap sizes: current=125952k  free=115965k  max=932352k
INFO   | jvm 1    | 2018/08/11 20:07:40 |     JVM args: -Dactivemq.home=../.. -Dactivemq.base=../.. -Djavax.net.ssl.keyStorePassword=password -Djavax.net.ssl.trustStorePassword=password -Djavax.net.ssl.keyStore=../../conf/broker.ks -Djavax.net.ssl.trustStore=../../conf/broker.ts -Dcom.sun.management.jmxremote -Dorg.apache.activemq.UseDedicatedTaskRunner=true -Djava.util.logging.config.file=logging.properties -Dactivemq.conf=../../conf -Dactivemq.data=../../data -Djava.security.auth.login.config=../../conf/login.config -Xmx1024m -Djava.library.path=../../bin/win64 -Dwrapper.key=E1D8jdnpQjK3Al2r -Dwrapper.port=32000 -Dwrapper.jvm.port.min=31000 -Dwrapper.jvm.port.max=31999 -Dwrapper.pid=19476 -Dwrapper.version=3.2.3 -Dwrapper.native_library=wrapper -Dwrapper.cpu.timeout=10 -Dwrapper.jvmid=1
INFO   | jvm 1    | 2018/08/11 20:07:40 | Extensions classpath:
INFO   | jvm 1    | 2018/08/11 20:07:40 |   [..\..\lib,..\..\lib\camel,..\..\lib\optional,..\..\lib\web,..\..\lib\extra]
INFO   | jvm 1    | 2018/08/11 20:07:40 | ACTIVEMQ_HOME: ..\..
INFO   | jvm 1    | 2018/08/11 20:07:40 | ACTIVEMQ_BASE: ..\..
INFO   | jvm 1    | 2018/08/11 20:07:40 | ACTIVEMQ_CONF: ..\..\conf
INFO   | jvm 1    | 2018/08/11 20:07:40 | ACTIVEMQ_DATA: ..\..\data
INFO   | jvm 1    | 2018/08/11 20:07:40 | Loading message broker from: xbean:activemq.xml
INFO   | jvm 1    | 2018/08/11 20:07:40 |  INFO | Refreshing org.apache.activemq.xbean.XBeanBrokerFactory$1@29cb0070: startup date [Sat Aug 11 20:07:40 CST 2018]; root of context hierarchy
INFO   | jvm 1    | 2018/08/11 20:07:41 |  INFO | PListStore:[C:\Users\25772\Desktop\Learning Notes\LearningNotes\LearningNotes\activemq\apache-activemq-5.11.1-bin\apache-activemq-5.11.1\bin\win64\..\..\data\localhost\tmp_storage] started
INFO   | jvm 1    | 2018/08/11 20:07:41 |  INFO | Using Persistence Adapter: KahaDBPersistenceAdapter[C:\Users\25772\Desktop\Learning Notes\LearningNotes\LearningNotes\activemq\apache-activemq-5.11.1-bin\apache-activemq-5.11.1\bin\win64\..\..\data\kahadb]
INFO   | jvm 1    | 2018/08/11 20:07:41 |  INFO | KahaDB is version 5
INFO   | jvm 1    | 2018/08/11 20:07:41 |  INFO | Recovering from the journal ...
INFO   | jvm 1    | 2018/08/11 20:07:41 |  INFO | Recovery replayed 6 operations from the journal in 0.011 seconds.
INFO   | jvm 1    | 2018/08/11 20:07:41 |  INFO | Apache ActiveMQ 5.11.1 (localhost, ID:DESKTOP-9EPRQCJ-59424-1533989261653-0:1) is starting
INFO   | jvm 1    | 2018/08/11 20:07:41 |  INFO | Listening for connections at: tcp://DESKTOP-9EPRQCJ:61616?maximumConnections=1000&wireFormat.maxFrameSize=104857600
INFO   | jvm 1    | 2018/08/11 20:07:41 |  INFO | Connector openwire started
INFO   | jvm 1    | 2018/08/11 20:07:41 |  INFO | Listening for connections at: amqp://DESKTOP-9EPRQCJ:5672?maximumConnections=1000&wireFormat.maxFrameSize=104857600
INFO   | jvm 1    | 2018/08/11 20:07:41 |  INFO | Connector amqp started
INFO   | jvm 1    | 2018/08/11 20:07:41 |  INFO | Listening for connections at: stomp://DESKTOP-9EPRQCJ:61613?maximumConnections=1000&wireFormat.maxFrameSize=104857600
INFO   | jvm 1    | 2018/08/11 20:07:41 |  INFO | Connector stomp started
INFO   | jvm 1    | 2018/08/11 20:07:41 |  INFO | Listening for connections at: mqtt://DESKTOP-9EPRQCJ:1883?maximumConnections=1000&wireFormat.maxFrameSize=104857600
INFO   | jvm 1    | 2018/08/11 20:07:41 |  INFO | Connector mqtt started
INFO   | jvm 1    | 2018/08/11 20:07:41 | {}
INFO   | jvm 1    | 2018/08/11 20:07:42 |  INFO | Listening for connections at ws://DESKTOP-9EPRQCJ:61614?maximumConnections=1000&wireFormat.maxFrameSize=104857600
INFO   | jvm 1    | 2018/08/11 20:07:42 |  INFO | Connector ws started
INFO   | jvm 1    | 2018/08/11 20:07:42 |  INFO | Apache ActiveMQ 5.11.1 (localhost, ID:DESKTOP-9EPRQCJ-59424-1533989261653-0:1) started
INFO   | jvm 1    | 2018/08/11 20:07:42 |  INFO | For help or more information please see: http://activemq.apache.org
INFO   | jvm 1    | 2018/08/11 20:07:42 |  WARN | Store limit is 102400 mb (current store usage is 0 mb). The data directory: C:\Users\25772\Desktop\Learning Notes\LearningNotes\LearningNotes\activemq\apache-activemq-5.11.1-bin\apache-activemq-5.11.1\bin\win64\..\..\data\kahadb only has 7942 mb of usable space - resetting to maximum available disk space: 7942 mb
INFO   | jvm 1    | 2018/08/11 20:07:42 |  WARN | Temporary Store limit is 51200 mb, whilst the temporary data directory: C:\Users\25772\Desktop\Learning Notes\LearningNotes\LearningNotes\activemq\apache-activemq-5.11.1-bin\apache-activemq-5.11.1\bin\win64\..\..\data\localhost\tmp_storage only has 7942 mb of usable space - resetting to maximum available 7942 mb.
INFO   | jvm 1    | 2018/08/11 20:07:42 |  INFO | ActiveMQ WebConsole available at http://0.0.0.0:8161/
INFO   | jvm 1    | 2018/08/11 20:07:42 |  INFO | Initializing Spring FrameworkServlet 'dispatcher'
INFO   | jvm 1    | 2018/08/11 20:07:42 |  INFO | jolokia-agent: No access restrictor found at classpath:/jolokia-access.xml, access to all MBeans is allowed
INFO   | jvm 1    | 2018/08/11 20:11:35 |  WARN | Transport Connection to: tcp://127.0.0.1:59689 failed: java.net.SocketException: Connection reset
INFO   | jvm 1    | 2018/08/11 20:11:58 |  WARN | Transport Connection to: tcp://127.0.0.1:59711 failed: java.net.SocketException: Connection reset
INFO   | jvm 1    | 2018/08/11 20:13:47 |  WARN | Transport Connection to: tcp://127.0.0.1:59842 failed: java.net.SocketException: Connection reset
STATUS | wrapper  | 2018/08/11 20:28:40 | --> Wrapper Started as Console
STATUS | wrapper  | 2018/08/11 20:28:40 | Launching a JVM...
INFO   | jvm 1    | 2018/08/11 20:28:41 | Wrapper (Version 3.2.3) http://wrapper.tanukisoftware.org
INFO   | jvm 1    | 2018/08/11 20:28:41 |   Copyright 1999-2006 Tanuki Software, Inc.  All Rights Reserved.
INFO   | jvm 1    | 2018/08/11 20:28:41 | 
INFO   | jvm 1    | 2018/08/11 20:28:41 | Java Runtime: Oracle Corporation 1.8.0_151 C:\Program Files\Java\jre1.8.0_151
INFO   | jvm 1    | 2018/08/11 20:28:41 |   Heap sizes: current=125952k  free=115964k  max=932352k
INFO   | jvm 1    | 2018/08/11 20:28:41 |     JVM args: -Dactivemq.home=../.. -Dactivemq.base=../.. -Djavax.net.ssl.keyStorePassword=password -Djavax.net.ssl.trustStorePassword=password -Djavax.net.ssl.keyStore=../../conf/broker.ks -Djavax.net.ssl.trustStore=../../conf/broker.ts -Dcom.sun.management.jmxremote -Dorg.apache.activemq.UseDedicatedTaskRunner=true -Djava.util.logging.config.file=logging.properties -Dactivemq.conf=../../conf -Dactivemq.data=../../data -Djava.security.auth.login.config=../../conf/login.config -Xmx1024m -Djava.library.path=../../bin/win64 -Dwrapper.key=G45rBYbmOTK58PwR -Dwrapper.port=32000 -Dwrapper.jvm.port.min=31000 -Dwrapper.jvm.port.max=31999 -Dwrapper.pid=18572 -Dwrapper.version=3.2.3 -Dwrapper.native_library=wrapper -Dwrapper.cpu.timeout=10 -Dwrapper.jvmid=1
INFO   | jvm 1    | 2018/08/11 20:28:41 | Extensions classpath:
INFO   | jvm 1    | 2018/08/11 20:28:41 |   [..\..\lib,..\..\lib\camel,..\..\lib\optional,..\..\lib\web,..\..\lib\extra]
INFO   | jvm 1    | 2018/08/11 20:28:41 | ACTIVEMQ_HOME: ..\..
INFO   | jvm 1    | 2018/08/11 20:28:41 | ACTIVEMQ_BASE: ..\..
INFO   | jvm 1    | 2018/08/11 20:28:41 | ACTIVEMQ_CONF: ..\..\conf
INFO   | jvm 1    | 2018/08/11 20:28:41 | ACTIVEMQ_DATA: ..\..\data
INFO   | jvm 1    | 2018/08/11 20:28:41 | Loading message broker from: xbean:activemq.xml
INFO   | jvm 1    | 2018/08/11 20:28:41 |  INFO | Refreshing org.apache.activemq.xbean.XBeanBrokerFactory$1@6b504712: startup date [Sat Aug 11 20:28:41 CST 2018]; root of context hierarchy
INFO   | jvm 1    | 2018/08/11 20:28:42 |  INFO | PListStore:[C:\Users\25772\Desktop\Learning Notes\LearningNotes\LearningNotes\activemq\apache-activemq-5.11.1-bin\apache-activemq-5.11.1\bin\win64\..\..\data\localhost\tmp_storage] started
INFO   | jvm 1    | 2018/08/11 20:28:42 |  INFO | Using Persistence Adapter: KahaDBPersistenceAdapter[C:\Users\25772\Desktop\Learning Notes\LearningNotes\LearningNotes\activemq\apache-activemq-5.11.1-bin\apache-activemq-5.11.1\bin\win64\..\..\data\kahadb]
INFO   | jvm 1    | 2018/08/11 20:28:42 |  INFO | KahaDB is version 5
INFO   | jvm 1    | 2018/08/11 20:28:42 |  INFO | Recovering from the journal ...
INFO   | jvm 1    | 2018/08/11 20:28:42 |  INFO | Recovery replayed 33 operations from the journal in 0.02 seconds.
INFO   | jvm 1    | 2018/08/11 20:28:42 |  INFO | Apache ActiveMQ 5.11.1 (localhost, ID:DESKTOP-9EPRQCJ-61291-1533990522698-0:1) is starting
INFO   | jvm 1    | 2018/08/11 20:28:42 |  INFO | Listening for connections at: tcp://DESKTOP-9EPRQCJ:61616?maximumConnections=1000&wireFormat.maxFrameSize=104857600
INFO   | jvm 1    | 2018/08/11 20:28:42 |  INFO | Connector openwire started
INFO   | jvm 1    | 2018/08/11 20:28:42 |  INFO | Listening for connections at: amqp://DESKTOP-9EPRQCJ:5672?maximumConnections=1000&wireFormat.maxFrameSize=104857600
INFO   | jvm 1    | 2018/08/11 20:28:42 |  INFO | Connector amqp started
INFO   | jvm 1    | 2018/08/11 20:28:42 |  INFO | Listening for connections at: stomp://DESKTOP-9EPRQCJ:61613?maximumConnections=1000&wireFormat.maxFrameSize=104857600
INFO   | jvm 1    | 2018/08/11 20:28:42 |  INFO | Connector stomp started
INFO   | jvm 1    | 2018/08/11 20:28:42 |  INFO | Listening for connections at: mqtt://DESKTOP-9EPRQCJ:1883?maximumConnections=1000&wireFormat.maxFrameSize=104857600
INFO   | jvm 1    | 2018/08/11 20:28:42 |  INFO | Connector mqtt started
INFO   | jvm 1    | 2018/08/11 20:28:42 | {}
INFO   | jvm 1    | 2018/08/11 20:28:43 |  INFO | Listening for connections at ws://DESKTOP-9EPRQCJ:61614?maximumConnections=1000&wireFormat.maxFrameSize=104857600
INFO   | jvm 1    | 2018/08/11 20:28:43 |  INFO | Connector ws started
INFO   | jvm 1    | 2018/08/11 20:28:43 |  INFO | Apache ActiveMQ 5.11.1 (localhost, ID:DESKTOP-9EPRQCJ-61291-1533990522698-0:1) started
INFO   | jvm 1    | 2018/08/11 20:28:43 |  INFO | For help or more information please see: http://activemq.apache.org
INFO   | jvm 1    | 2018/08/11 20:28:43 |  WARN | Store limit is 102400 mb (current store usage is 0 mb). The data directory: C:\Users\25772\Desktop\Learning Notes\LearningNotes\LearningNotes\activemq\apache-activemq-5.11.1-bin\apache-activemq-5.11.1\bin\win64\..\..\data\kahadb only has 7930 mb of usable space - resetting to maximum available disk space: 7930 mb
INFO   | jvm 1    | 2018/08/11 20:28:43 |  WARN | Temporary Store limit is 51200 mb, whilst the temporary data directory: C:\Users\25772\Desktop\Learning Notes\LearningNotes\LearningNotes\activemq\apache-activemq-5.11.1-bin\apache-activemq-5.11.1\bin\win64\..\..\data\localhost\tmp_storage only has 7930 mb of usable space - resetting to maximum available 7930 mb.
INFO   | jvm 1    | 2018/08/11 20:28:43 |  INFO | ActiveMQ WebConsole available at http://0.0.0.0:8161/
INFO   | jvm 1    | 2018/08/11 20:28:43 |  INFO | Initializing Spring FrameworkServlet 'dispatcher'
INFO   | jvm 1    | 2018/08/11 20:28:43 |  INFO | jolokia-agent: No access restrictor found at classpath:/jolokia-access.xml, access to all MBeans is allowed
INFO   | jvm 1    | 2018/08/11 20:30:02 |  WARN | Transport Connection to: tcp://127.0.0.1:61313 failed: java.net.SocketException: Connection reset
INFO   | jvm 1    | 2018/08/11 20:30:03 |  WARN | Transport Connection to: tcp://127.0.0.1:61325 failed: java.net.SocketException: Connection reset
INFO   | jvm 1    | 2018/08/11 20:30:49 |  WARN | Transport Connection to: tcp://127.0.0.1:61458 failed: java.net.SocketException: Connection reset
INFO   | jvm 1    | 2018/08/11 20:30:51 |  WARN | Transport Connection to: tcp://127.0.0.1:61464 failed: java.net.SocketException: Connection reset
